Using pre-set license
Built from '2020.3/staging' branch; Version is '2020.3.35f1 (18e4db7a9996) revision 1631451'; Using compiler version '192528614'; Build Type 'Release'
OS: 'Windows 10  (10.0.19044) 64bit Core' Language: 'tr' Physical Memory: 16280 MB
BatchMode: 1, IsHumanControllingUs: 0, StartBugReporterOnCrash: 0, Is64bit: 1, IsPro: 0

COMMAND LINE ARGUMENTS:
C:\Program Files\Unity\Hub\Editor\2020.3.35f1\Editor\Unity.exe
-adb2
-batchMode
-noUpm
-name
AssetImportWorker0
-projectPath
E:/GithubRepo/HyperCasual1/Project-Rescue
-logFile
Logs/AssetImportWorker0.log
-srvPort
65057
Successfully changed project path to: E:/GithubRepo/HyperCasual1/Project-Rescue
E:/GithubRepo/HyperCasual1/Project-Rescue
Using Asset Import Pipeline V2.
Refreshing native plugins compatible for Editor in 43.45 ms, found 2 plugins.
Preloading 0 native plugins for Editor in 0.00 ms.
Initialize engine version: 2020.3.35f1 (18e4db7a9996)
[Subsystems] Discovering subsystems at path C:/Program Files/Unity/Hub/Editor/2020.3.35f1/Editor/Data/Resources/UnitySubsystems
[Subsystems] Discovering subsystems at path E:/GithubRepo/HyperCasual1/Project-Rescue/Assets
GfxDevice: creating device client; threaded=0
Direct3D:
    Version:  Direct3D 11.0 [level 11.1]
    Renderer: NVIDIA GeForce GTX 1660 Ti (ID=0x2182)
    Vendor:   
    VRAM:     5991 MB
    Driver:   31.0.15.1640
Initialize mono
Mono path[0] = 'C:/Program Files/Unity/Hub/Editor/2020.3.35f1/Editor/Data/Managed'
Mono path[1] = 'C:/Program Files/Unity/Hub/Editor/2020.3.35f1/Editor/Data/MonoBleedingEdge/lib/mono/unityjit'
Mono config path = 'C:/Program Files/Unity/Hub/Editor/2020.3.35f1/Editor/Data/MonoBleedingEdge/etc'
Using monoOptions --debugger-agent=transport=dt_socket,embedding=1,server=y,suspend=n,address=127.0.0.1:56656
Begin MonoManager ReloadAssembly
Registering precompiled unity dll's ...
Register platform support module: C:/Program Files/Unity/Hub/Editor/2020.3.35f1/Editor/Data/PlaybackEngines/WebGLSupport/UnityEditor.WebGL.Extensions.dll
Register platform support module: C:/Program Files/Unity/Hub/Editor/2020.3.35f1/Editor/Data/PlaybackEngines/WindowsStandaloneSupport/UnityEditor.WindowsStandalone.Extensions.dll
Registered in 0.001410 seconds.
Native extension for WindowsStandalone target not found
Native extension for WebGL target not found
Refreshing native plugins compatible for Editor in 43.96 ms, found 2 plugins.
Preloading 0 native plugins for Editor in 0.00 ms.
Mono: successfully reloaded assembly
- Completed reload, in  0.508 seconds
Domain Reload Profiling:
	ReloadAssembly (508ms)
		BeginReloadAssembly (50ms)
			ExecutionOrderSort (0ms)
			DisableScriptedObjects (0ms)
			BackupInstance (0ms)
			ReleaseScriptingObjects (0ms)
			CreateAndSetChildDomain (1ms)
		EndReloadAssembly (399ms)
			LoadAssemblies (49ms)
			RebuildTransferFunctionScriptingTraits (0ms)
			SetupTypeCache (129ms)
			ReleaseScriptCaches (0ms)
			RebuildScriptCaches (27ms)
			SetupLoadedEditorAssemblies (155ms)
				LogAssemblyErrors (0ms)
				InitializePlatformSupportModulesInManaged (4ms)
				SetLoadedEditorAssemblies (0ms)
				RefreshPlugins (44ms)
				BeforeProcessingInitializeOnLoad (12ms)
				ProcessInitializeOnLoadAttributes (71ms)
				ProcessInitializeOnLoadMethodAttributes (23ms)
				AfterProcessingInitializeOnLoad (0ms)
				EditorAssembliesLoaded (0ms)
			ExecutionOrderSort2 (0ms)
			AwakeInstancesAfterBackupRestoration (0ms)
Platform modules already initialized, skipping
Registering precompiled user dll's ...
Registered in 0.002019 seconds.
Begin MonoManager ReloadAssembly
Native extension for WindowsStandalone target not found
Native extension for WebGL target not found
Refreshing native plugins compatible for Editor in 0.43 ms, found 2 plugins.
Preloading 0 native plugins for Editor in 0.00 ms.
Mono: successfully reloaded assembly
- Completed reload, in  0.923 seconds
Domain Reload Profiling:
	ReloadAssembly (924ms)
		BeginReloadAssembly (129ms)
			ExecutionOrderSort (0ms)
			DisableScriptedObjects (4ms)
			BackupInstance (0ms)
			ReleaseScriptingObjects (0ms)
			CreateAndSetChildDomain (15ms)
		EndReloadAssembly (743ms)
			LoadAssemblies (77ms)
			RebuildTransferFunctionScriptingTraits (0ms)
			SetupTypeCache (246ms)
			ReleaseScriptCaches (0ms)
			RebuildScriptCaches (46ms)
			SetupLoadedEditorAssemblies (303ms)
				LogAssemblyErrors (0ms)
				InitializePlatformSupportModulesInManaged (5ms)
				SetLoadedEditorAssemblies (0ms)
				RefreshPlugins (0ms)
				BeforeProcessingInitializeOnLoad (75ms)
				ProcessInitializeOnLoadAttributes (207ms)
				ProcessInitializeOnLoadMethodAttributes (12ms)
				AfterProcessingInitializeOnLoad (4ms)
				EditorAssembliesLoaded (0ms)
			ExecutionOrderSort2 (0ms)
			AwakeInstancesAfterBackupRestoration (2ms)
Platform modules already initialized, skipping
========================================================================
Worker process is ready to serve import requests
Launched and connected shader compiler UnityShaderCompiler.exe after 0.05 seconds
Refreshing native plugins compatible for Editor in 0.68 ms, found 2 plugins.
Preloading 0 native plugins for Editor in 0.00 ms.
Unloading 2261 Unused Serialized files (Serialized files now loaded: 0)
System memory in use before: 104.3 MB.
System memory in use after: 104.4 MB.

Unloading 18 unused Assets to reduce memory usage. Loaded Objects now: 2700.
Total: 2.634900 ms (FindLiveObjects: 0.148800 ms CreateObjectMapping: 0.083500 ms MarkObjects: 2.314000 ms  DeleteObjects: 0.088000 ms)

AssetImportParameters requested are different than current active one (requested -> active):
  custom:framework-win-MediaFoundation: 216162199b28c13a410421893ffa2e32 -> 
  custom:video-decoder-ogg-theora: a1e56fd34408186e4bbccfd4996cb3dc -> 
  custom:container-muxer-webm: aa71ff27fc2769a1b78a27578f13a17b -> 
  custom:container-demuxer-webm: 4f35f7cbe854078d1ac9338744f61a02 -> 
  custom:container-demuxer-ogg: 62fdf1f143b41e24485cea50d1cbac27 -> 
  custom:video-encoder-webm-vp8: eb34c28f22e8b96e1ab97ce403110664 -> 
  custom:video-decoder-webm-vp8: 9c59270c3fd7afecdb556c50c9e8de78 -> 
  custom:audio-decoder-ogg-vorbis: bf7c407c2cedff20999df2af8eb42d56 -> 
  custom:audio-encoder-webm-vorbis: bf7c407c2cedff20999df2af8eb42d56 -> 
========================================================================
Received Import Request.
  path: Assets/AssetStoreOriginals/_SNAPS_PrototypingAssets/SciFi_Industrial/Prefabs/Decor/Bolton_M_01_snaps002.prefab
  artifactKey: Guid(34109158f4c07db4eaccadadcf4e10e8) Importer(815301076,1909f56bfc062723c751e8b465ee728b)
Start importing Assets/AssetStoreOriginals/_SNAPS_PrototypingAssets/SciFi_Industrial/Prefabs/Decor/Bolton_M_01_snaps002.prefab using Guid(34109158f4c07db4eaccadadcf4e10e8) Importer(815301076,1909f56bfc062723c751e8b465ee728b)  -> (artifact id: 'cc0b5cc1bf6d259c42d0332127fa7a42') in 0.102981 seconds 
========================================================================
Received Import Request.
  Time since last request: 0.000229 seconds.
  path: Assets/AssetStoreOriginals/_SNAPS_PrototypingAssets/SciFi_Industrial/Prefabs/Decor
  artifactKey: Guid(50d05ec68bcca824198e6734a07d3ca8) Importer(815301076,1909f56bfc062723c751e8b465ee728b)
Start importing Assets/AssetStoreOriginals/_SNAPS_PrototypingAssets/SciFi_Industrial/Prefabs/Decor using Guid(50d05ec68bcca824198e6734a07d3ca8) Importer(815301076,1909f56bfc062723c751e8b465ee728b)  -> (artifact id: '2251359a3685238f8f86c9c52c8ae492') in 0.007564 seconds 
========================================================================
Received Import Request.
  Time since last request: 0.189574 seconds.
  path: Assets/AssetStoreOriginals/_SNAPS_PrototypingAssets/SciFi_Industrial/Prefabs/Decor/Bolton_M_02_snaps002.prefab
  artifactKey: Guid(e3ae7ef1c7cc88c4c818f241494b9639) Importer(815301076,1909f56bfc062723c751e8b465ee728b)
Start importing Assets/AssetStoreOriginals/_SNAPS_PrototypingAssets/SciFi_Industrial/Prefabs/Decor/Bolton_M_02_snaps002.prefab using Guid(e3ae7ef1c7cc88c4c818f241494b9639) Importer(815301076,1909f56bfc062723c751e8b465ee728b)  -> (artifact id: '57260c3c73bf9ef0bc0ef4ac1e82672a') in 0.013721 seconds 
========================================================================
Received Import Request.
  Time since last request: 0.444625 seconds.
  path: Assets/AssetStoreOriginals/_SNAPS_PrototypingAssets/SciFi_Industrial/Prefabs/Decor/Bolton_M_03_snaps002.prefab
  artifactKey: Guid(3f2079bea2fbaae40a0d35e362897421) Importer(815301076,1909f56bfc062723c751e8b465ee728b)
Start importing Assets/AssetStoreOriginals/_SNAPS_PrototypingAssets/SciFi_Industrial/Prefabs/Decor/Bolton_M_03_snaps002.prefab using Guid(3f2079bea2fbaae40a0d35e362897421) Importer(815301076,1909f56bfc062723c751e8b465ee728b)  -> (artifact id: 'b04e80a6eadd884262afb015b9a98695') in 0.013501 seconds 
========================================================================
Received Import Request.
  Time since last request: 0.430630 seconds.
  path: Assets/AssetStoreOriginals/_SNAPS_PrototypingAssets/SciFi_Industrial/Prefabs/Decor/Bolton_S_01_snaps002.prefab
  artifactKey: Guid(d0dda10dd211d514299c0d89644d400e) Importer(815301076,1909f56bfc062723c751e8b465ee728b)
Start importing Assets/AssetStoreOriginals/_SNAPS_PrototypingAssets/SciFi_Industrial/Prefabs/Decor/Bolton_S_01_snaps002.prefab using Guid(d0dda10dd211d514299c0d89644d400e) Importer(815301076,1909f56bfc062723c751e8b465ee728b)  -> (artifact id: '4bfa6a1c73f2b2b4a8f1851ff5aec808') in 0.033172 seconds 
========================================================================
Received Import Request.
  Time since last request: 0.460868 seconds.
  path: Assets/AssetStoreOriginals/_SNAPS_PrototypingAssets/SciFi_Industrial/Prefabs/Decor/CabelCover_01_snaps002.prefab
  artifactKey: Guid(283ce326b9aea664286163278051fa9c) Importer(815301076,1909f56bfc062723c751e8b465ee728b)
Start importing Assets/AssetStoreOriginals/_SNAPS_PrototypingAssets/SciFi_Industrial/Prefabs/Decor/CabelCover_01_snaps002.prefab using Guid(283ce326b9aea664286163278051fa9c) Importer(815301076,1909f56bfc062723c751e8b465ee728b)  -> (artifact id: '3171598d66d7a3aca19c9ade478d8db6') in 0.011853 seconds 
========================================================================
Received Import Request.
  Time since last request: 0.509538 seconds.
  path: Assets/AssetStoreOriginals/_SNAPS_PrototypingAssets/SciFi_Industrial/Prefabs/Decor/CabelCover_02_snaps002.prefab
  artifactKey: Guid(29af6e3703f95e74e8648b877ef2dff5) Importer(815301076,1909f56bfc062723c751e8b465ee728b)
Start importing Assets/AssetStoreOriginals/_SNAPS_PrototypingAssets/SciFi_Industrial/Prefabs/Decor/CabelCover_02_snaps002.prefab using Guid(29af6e3703f95e74e8648b877ef2dff5) Importer(815301076,1909f56bfc062723c751e8b465ee728b)  -> (artifact id: '7694feb2585d42626ad5bc6ed5b5d651') in 0.030833 seconds 
========================================================================
Received Import Request.
  Time since last request: 0.381904 seconds.
  path: Assets/AssetStoreOriginals/_SNAPS_PrototypingAssets/SciFi_Industrial/Prefabs/Decor/CabelCover_03_snaps002.prefab
  artifactKey: Guid(d98c873374e2a244abcd85262a0b32fa) Importer(815301076,1909f56bfc062723c751e8b465ee728b)
Start importing Assets/AssetStoreOriginals/_SNAPS_PrototypingAssets/SciFi_Industrial/Prefabs/Decor/CabelCover_03_snaps002.prefab using Guid(d98c873374e2a244abcd85262a0b32fa) Importer(815301076,1909f56bfc062723c751e8b465ee728b)  -> (artifact id: '0cb1e0e13cd22b8419092166907134a7') in 0.013609 seconds 
========================================================================
Received Import Request.
  Time since last request: 0.542567 seconds.
  path: Assets/AssetStoreOriginals/_SNAPS_PrototypingAssets/SciFi_Industrial/Prefabs/Decor/CabelCover_04_snaps002.prefab
  artifactKey: Guid(1eff7d4cfc072fa44a69a0ddae2cbc22) Importer(815301076,1909f56bfc062723c751e8b465ee728b)
Start importing Assets/AssetStoreOriginals/_SNAPS_PrototypingAssets/SciFi_Industrial/Prefabs/Decor/CabelCover_04_snaps002.prefab using Guid(1eff7d4cfc072fa44a69a0ddae2cbc22) Importer(815301076,1909f56bfc062723c751e8b465ee728b)  -> (artifact id: '367c609fc8830cf10daed5a1cac0b98b') in 0.013281 seconds 
========================================================================
Received Import Request.
  Time since last request: 0.399840 seconds.
  path: Assets/AssetStoreOriginals/_SNAPS_PrototypingAssets/SciFi_Industrial/Prefabs/Decor/CapShock_M_01_snaps002.prefab
  artifactKey: Guid(cec8525009a9342498bf9a8dfc7de1d8) Importer(815301076,1909f56bfc062723c751e8b465ee728b)
Start importing Assets/AssetStoreOriginals/_SNAPS_PrototypingAssets/SciFi_Industrial/Prefabs/Decor/CapShock_M_01_snaps002.prefab using Guid(cec8525009a9342498bf9a8dfc7de1d8) Importer(815301076,1909f56bfc062723c751e8b465ee728b)  -> (artifact id: 'e2c9b92a1ab06da3aad1be41a44ce1a8') in 0.033557 seconds 
========================================================================
Received Import Request.
  Time since last request: 0.520887 seconds.
  path: Assets/AssetStoreOriginals/_SNAPS_PrototypingAssets/SciFi_Industrial/Prefabs/Decor/CapShock_M_02_snaps002.prefab
  artifactKey: Guid(d54428b49da3e2d4e866eac2d390d664) Importer(815301076,1909f56bfc062723c751e8b465ee728b)
Start importing Assets/AssetStoreOriginals/_SNAPS_PrototypingAssets/SciFi_Industrial/Prefabs/Decor/CapShock_M_02_snaps002.prefab using Guid(d54428b49da3e2d4e866eac2d390d664) Importer(815301076,1909f56bfc062723c751e8b465ee728b)  -> (artifact id: '45b32115233247af23b270e0e2812f6e') in 0.013343 seconds 
========================================================================
Received Import Request.
  Time since last request: 0.292218 seconds.
  path: Assets/AssetStoreOriginals/_SNAPS_PrototypingAssets/SciFi_Industrial/Prefabs/Decor/CapShock_M_03_snaps002.prefab
  artifactKey: Guid(b62f6c4e046abad4e9c399cfc1cdebae) Importer(815301076,1909f56bfc062723c751e8b465ee728b)
Start importing Assets/AssetStoreOriginals/_SNAPS_PrototypingAssets/SciFi_Industrial/Prefabs/Decor/CapShock_M_03_snaps002.prefab using Guid(b62f6c4e046abad4e9c399cfc1cdebae) Importer(815301076,1909f56bfc062723c751e8b465ee728b)  -> (artifact id: '9460c8e29aeeddb552530b7c0984c2d4') in 0.013458 seconds 
========================================================================
Received Import Request.
  Time since last request: 0.343675 seconds.
  path: Assets/AssetStoreOriginals/_SNAPS_PrototypingAssets/SciFi_Industrial/Prefabs/Decor/CapShock_M_04_snaps002.prefab
  artifactKey: Guid(15c061b842016b34f9a0c3a282b13008) Importer(815301076,1909f56bfc062723c751e8b465ee728b)
Start importing Assets/AssetStoreOriginals/_SNAPS_PrototypingAssets/SciFi_Industrial/Prefabs/Decor/CapShock_M_04_snaps002.prefab using Guid(15c061b842016b34f9a0c3a282b13008) Importer(815301076,1909f56bfc062723c751e8b465ee728b)  -> (artifact id: '10fa244221f869c295655b4cc85a09e6') in 0.013206 seconds 
========================================================================
Received Import Request.
  Time since last request: 0.316536 seconds.
  path: Assets/AssetStoreOriginals/_SNAPS_PrototypingAssets/SciFi_Industrial/Prefabs/Decor/Conduit_M_01_snaps002.prefab
  artifactKey: Guid(defc1954bd6bc1347aa94a45192f58db) Importer(815301076,1909f56bfc062723c751e8b465ee728b)
Start importing Assets/AssetStoreOriginals/_SNAPS_PrototypingAssets/SciFi_Industrial/Prefabs/Decor/Conduit_M_01_snaps002.prefab using Guid(defc1954bd6bc1347aa94a45192f58db) Importer(815301076,1909f56bfc062723c751e8b465ee728b)  -> (artifact id: '05ca11ca36c0124e8e96ac3e40d705fd') in 0.012384 seconds 
========================================================================
Received Import Request.
  Time since last request: 0.344236 seconds.
  path: Assets/AssetStoreOriginals/_SNAPS_PrototypingAssets/SciFi_Industrial/Prefabs/Decor/Conduit_M_02_snaps002.prefab
  artifactKey: Guid(8301ea8c6c341e44c9cd35fb6f2e1428) Importer(815301076,1909f56bfc062723c751e8b465ee728b)
Start importing Assets/AssetStoreOriginals/_SNAPS_PrototypingAssets/SciFi_Industrial/Prefabs/Decor/Conduit_M_02_snaps002.prefab using Guid(8301ea8c6c341e44c9cd35fb6f2e1428) Importer(815301076,1909f56bfc062723c751e8b465ee728b)  -> (artifact id: '540689907b7067d71d51e4b9645e6773') in 0.012199 seconds 
========================================================================
Received Import Request.
  Time since last request: 0.328391 seconds.
  path: Assets/AssetStoreOriginals/_SNAPS_PrototypingAssets/SciFi_Industrial/Prefabs/Decor/Conduit_M_03_snaps002.prefab
  artifactKey: Guid(059bdfbd9c1d51549adab56027155ef9) Importer(815301076,1909f56bfc062723c751e8b465ee728b)
Start importing Assets/AssetStoreOriginals/_SNAPS_PrototypingAssets/SciFi_Industrial/Prefabs/Decor/Conduit_M_03_snaps002.prefab using Guid(059bdfbd9c1d51549adab56027155ef9) Importer(815301076,1909f56bfc062723c751e8b465ee728b)  -> (artifact id: '329e58ee9fe2240f207e3dafb7f110d5') in 0.013458 seconds 
========================================================================
Received Import Request.
  Time since last request: 0.303091 seconds.
  path: Assets/AssetStoreOriginals/_SNAPS_PrototypingAssets/SciFi_Industrial/Prefabs/Decor/Conduit_M_04_snaps002.prefab
  artifactKey: Guid(92013a4fbb8606940991197d497f999d) Importer(815301076,1909f56bfc062723c751e8b465ee728b)
Start importing Assets/AssetStoreOriginals/_SNAPS_PrototypingAssets/SciFi_Industrial/Prefabs/Decor/Conduit_M_04_snaps002.prefab using Guid(92013a4fbb8606940991197d497f999d) Importer(815301076,1909f56bfc062723c751e8b465ee728b)  -> (artifact id: 'efac10fdc82311ac21449aa93f52e7a1') in 0.013287 seconds 
========================================================================
Received Import Request.
  Time since last request: 0.339416 seconds.
  path: Assets/AssetStoreOriginals/_SNAPS_PrototypingAssets/SciFi_Industrial/Prefabs/Decor/Crossbar_01_snaps002.prefab
  artifactKey: Guid(d257d2e20727fbe4f80b671a36cdd543) Importer(815301076,1909f56bfc062723c751e8b465ee728b)
Start importing Assets/AssetStoreOriginals/_SNAPS_PrototypingAssets/SciFi_Industrial/Prefabs/Decor/Crossbar_01_snaps002.prefab using Guid(d257d2e20727fbe4f80b671a36cdd543) Importer(815301076,1909f56bfc062723c751e8b465ee728b)  -> (artifact id: 'bad701e0461f81378dc78d77325f2544') in 0.013655 seconds 
========================================================================
Received Import Request.
  Time since last request: 0.305046 seconds.
  path: Assets/AssetStoreOriginals/_SNAPS_PrototypingAssets/SciFi_Industrial/Prefabs/Decor/Crossbar_02_snaps002.prefab
  artifactKey: Guid(7231588b9603215498bbcc3333b73fd4) Importer(815301076,1909f56bfc062723c751e8b465ee728b)
Start importing Assets/AssetStoreOriginals/_SNAPS_PrototypingAssets/SciFi_Industrial/Prefabs/Decor/Crossbar_02_snaps002.prefab using Guid(7231588b9603215498bbcc3333b73fd4) Importer(815301076,1909f56bfc062723c751e8b465ee728b)  -> (artifact id: 'e046c71008dfd2566f0cccf6eaa565a5') in 0.017387 seconds 
========================================================================
Received Import Request.
  Time since last request: 0.381900 seconds.
  path: Assets/AssetStoreOriginals/_SNAPS_PrototypingAssets/SciFi_Industrial/Prefabs/Decor/CrossBar_03_snaps002.prefab
  artifactKey: Guid(f50a4c9d72cc6c241b4e6f1a62472b00) Importer(815301076,1909f56bfc062723c751e8b465ee728b)
Start importing Assets/AssetStoreOriginals/_SNAPS_PrototypingAssets/SciFi_Industrial/Prefabs/Decor/CrossBar_03_snaps002.prefab using Guid(f50a4c9d72cc6c241b4e6f1a62472b00) Importer(815301076,1909f56bfc062723c751e8b465ee728b)  -> (artifact id: '82172d0968be896ac5883fd209a8ce63') in 0.013252 seconds 
========================================================================
Received Import Request.
  Time since last request: 0.369031 seconds.
  path: Assets/AssetStoreOriginals/_SNAPS_PrototypingAssets/SciFi_Industrial/Prefabs/Decor/CrossBarBox_snaps002.prefab
  artifactKey: Guid(debcf44c265f4c746983d631b32fa707) Importer(815301076,1909f56bfc062723c751e8b465ee728b)
Start importing Assets/AssetStoreOriginals/_SNAPS_PrototypingAssets/SciFi_Industrial/Prefabs/Decor/CrossBarBox_snaps002.prefab using Guid(debcf44c265f4c746983d631b32fa707) Importer(815301076,1909f56bfc062723c751e8b465ee728b)  -> (artifact id: 'f2be83d0fc06f21c6e32b0f2ae406544') in 0.014566 seconds 
========================================================================
Received Import Request.
  Time since last request: 0.357403 seconds.
  path: Assets/AssetStoreOriginals/_SNAPS_PrototypingAssets/SciFi_Industrial/Prefabs/Decor/Frame_01_Bevel_snaps002.prefab
  artifactKey: Guid(1d1d901d626eb5649af60f0b9f678e7b) Importer(815301076,1909f56bfc062723c751e8b465ee728b)
Start importing Assets/AssetStoreOriginals/_SNAPS_PrototypingAssets/SciFi_Industrial/Prefabs/Decor/Frame_01_Bevel_snaps002.prefab using Guid(1d1d901d626eb5649af60f0b9f678e7b) Importer(815301076,1909f56bfc062723c751e8b465ee728b)  -> (artifact id: '7e4a991abb3f082566845a1d4772ad91') in 0.012885 seconds 
========================================================================
Received Import Request.
  Time since last request: 0.446997 seconds.
  path: Assets/AssetStoreOriginals/_SNAPS_PrototypingAssets/SciFi_Industrial/Prefabs/Decor/Frame_01_BevelThick_snaps002.prefab
  artifactKey: Guid(1a3dc7a3ef9720c43b42e150e1564266) Importer(815301076,1909f56bfc062723c751e8b465ee728b)
Start importing Assets/AssetStoreOriginals/_SNAPS_PrototypingAssets/SciFi_Industrial/Prefabs/Decor/Frame_01_BevelThick_snaps002.prefab using Guid(1a3dc7a3ef9720c43b42e150e1564266) Importer(815301076,1909f56bfc062723c751e8b465ee728b)  -> (artifact id: '0c44c64ff7768a790c4cef78ec249738') in 0.012854 seconds 
========================================================================
Received Import Request.
  Time since last request: 8.883599 seconds.
  path: Assets/AssetStoreOriginals/_SNAPS_PrototypingAssets/SciFi_Industrial/Prefabs/Decor/Frame_01_snaps002.prefab
  artifactKey: Guid(3f20bf3af5ff9de468e139a6b234688b) Importer(815301076,1909f56bfc062723c751e8b465ee728b)
Start importing Assets/AssetStoreOriginals/_SNAPS_PrototypingAssets/SciFi_Industrial/Prefabs/Decor/Frame_01_snaps002.prefab using Guid(3f20bf3af5ff9de468e139a6b234688b) Importer(815301076,1909f56bfc062723c751e8b465ee728b)  -> (artifact id: '5ceb0783a49ccb023243aa2ce9fa2de3') in 0.012990 seconds 
========================================================================
Received Import Request.
  Time since last request: 0.383215 seconds.
  path: Assets/AssetStoreOriginals/_SNAPS_PrototypingAssets/SciFi_Industrial/Prefabs/Decor/FrameBox_snaps002.prefab
  artifactKey: Guid(d780078da71ef864ea6d55117fdce058) Importer(815301076,1909f56bfc062723c751e8b465ee728b)
Start importing Assets/AssetStoreOriginals/_SNAPS_PrototypingAssets/SciFi_Industrial/Prefabs/Decor/FrameBox_snaps002.prefab using Guid(d780078da71ef864ea6d55117fdce058) Importer(815301076,1909f56bfc062723c751e8b465ee728b)  -> (artifact id: '58fed7549f7d4f042a40be1474944dcb') in 0.012700 seconds 
========================================================================
Received Import Request.
  Time since last request: 0.315865 seconds.
  path: Assets/AssetStoreOriginals/_SNAPS_PrototypingAssets/SciFi_Industrial/Prefabs/Decor/FrameBoxBeveled_snaps002.prefab
  artifactKey: Guid(85180d6d1ab12d541ad50339323c6944) Importer(815301076,1909f56bfc062723c751e8b465ee728b)
Start importing Assets/AssetStoreOriginals/_SNAPS_PrototypingAssets/SciFi_Industrial/Prefabs/Decor/FrameBoxBeveled_snaps002.prefab using Guid(85180d6d1ab12d541ad50339323c6944) Importer(815301076,1909f56bfc062723c751e8b465ee728b)  -> (artifact id: '30f9d5a097a00ebc32ffe05724fb3b17') in 0.013698 seconds 
========================================================================
Received Import Request.
  Time since last request: 0.396623 seconds.
  path: Assets/AssetStoreOriginals/_SNAPS_PrototypingAssets/SciFi_Industrial/Prefabs/Decor/GreeblePanel_01_snaps002.prefab
  artifactKey: Guid(f84ff636d124b1e408544fa402565b08) Importer(815301076,1909f56bfc062723c751e8b465ee728b)
Start importing Assets/AssetStoreOriginals/_SNAPS_PrototypingAssets/SciFi_Industrial/Prefabs/Decor/GreeblePanel_01_snaps002.prefab using Guid(f84ff636d124b1e408544fa402565b08) Importer(815301076,1909f56bfc062723c751e8b465ee728b)  -> (artifact id: 'e3b3a2913fbd62c7fb97bddecbf41c4a') in 0.013712 seconds 
========================================================================
Received Import Request.
  Time since last request: 0.415679 seconds.
  path: Assets/AssetStoreOriginals/_SNAPS_PrototypingAssets/SciFi_Industrial/Prefabs/Decor/GreeblePanelBeveled_01_snaps002.prefab
  artifactKey: Guid(6f14da1c47b1eba4ca7b676b7b566a5d) Importer(815301076,1909f56bfc062723c751e8b465ee728b)
Start importing Assets/AssetStoreOriginals/_SNAPS_PrototypingAssets/SciFi_Industrial/Prefabs/Decor/GreeblePanelBeveled_01_snaps002.prefab using Guid(6f14da1c47b1eba4ca7b676b7b566a5d) Importer(815301076,1909f56bfc062723c751e8b465ee728b)  -> (artifact id: '2c624ca0a131f28a0d8c7758104dec84') in 0.014061 seconds 
========================================================================
Received Import Request.
  Time since last request: 0.371119 seconds.
  path: Assets/AssetStoreOriginals/_SNAPS_PrototypingAssets/SciFi_Industrial/Prefabs/Decor/GrillEnd_snaps002.prefab
  artifactKey: Guid(c5e3aac738f6042419f4a2a40a92ace4) Importer(815301076,1909f56bfc062723c751e8b465ee728b)
Start importing Assets/AssetStoreOriginals/_SNAPS_PrototypingAssets/SciFi_Industrial/Prefabs/Decor/GrillEnd_snaps002.prefab using Guid(c5e3aac738f6042419f4a2a40a92ace4) Importer(815301076,1909f56bfc062723c751e8b465ee728b)  -> (artifact id: 'e1c9ae5a207a2a3aa16f522e7ceeded7') in 0.013734 seconds 
========================================================================
Received Import Request.
  Time since last request: 0.308204 seconds.
  path: Assets/AssetStoreOriginals/_SNAPS_PrototypingAssets/SciFi_Industrial/Prefabs/Decor/GrillMid_snaps002.prefab
  artifactKey: Guid(47ec7938f499f9f4d8a61ca589432ee0) Importer(815301076,1909f56bfc062723c751e8b465ee728b)
Start importing Assets/AssetStoreOriginals/_SNAPS_PrototypingAssets/SciFi_Industrial/Prefabs/Decor/GrillMid_snaps002.prefab using Guid(47ec7938f499f9f4d8a61ca589432ee0) Importer(815301076,1909f56bfc062723c751e8b465ee728b)  -> (artifact id: '4f81bb0f61fa0269c79aaf8395dc7455') in 0.013782 seconds 
========================================================================
Received Import Request.
  Time since last request: 0.467030 seconds.
  path: Assets/AssetStoreOriginals/_SNAPS_PrototypingAssets/SciFi_Industrial/Prefabs/Decor/GrillPlate_snaps002.prefab
  artifactKey: Guid(0309318c4d3de3b4eb23dc02c52d6871) Importer(815301076,1909f56bfc062723c751e8b465ee728b)
Start importing Assets/AssetStoreOriginals/_SNAPS_PrototypingAssets/SciFi_Industrial/Prefabs/Decor/GrillPlate_snaps002.prefab using Guid(0309318c4d3de3b4eb23dc02c52d6871) Importer(815301076,1909f56bfc062723c751e8b465ee728b)  -> (artifact id: '8976fc1f084c59f46546bb25925c5881') in 0.013728 seconds 
========================================================================
Received Import Request.
  Time since last request: 0.271720 seconds.
  path: Assets/AssetStoreOriginals/_SNAPS_PrototypingAssets/SciFi_Industrial/Prefabs/Decor/IntakeRod_01_snaps002.prefab
  artifactKey: Guid(c41e2c4200f418b47b84d7e9eaf8ef63) Importer(815301076,1909f56bfc062723c751e8b465ee728b)
Start importing Assets/AssetStoreOriginals/_SNAPS_PrototypingAssets/SciFi_Industrial/Prefabs/Decor/IntakeRod_01_snaps002.prefab using Guid(c41e2c4200f418b47b84d7e9eaf8ef63) Importer(815301076,1909f56bfc062723c751e8b465ee728b)  -> (artifact id: '8dc8f7a70fbcd1aa4de397976ed535c3') in 0.013458 seconds 
========================================================================
Received Import Request.
  Time since last request: 0.478090 seconds.
  path: Assets/AssetStoreOriginals/_SNAPS_PrototypingAssets/SciFi_Industrial/Prefabs/Decor/IntakeRod_02_snaps002.prefab
  artifactKey: Guid(7ed4a1f9b38d9024fae90e9077d3de53) Importer(815301076,1909f56bfc062723c751e8b465ee728b)
Start importing Assets/AssetStoreOriginals/_SNAPS_PrototypingAssets/SciFi_Industrial/Prefabs/Decor/IntakeRod_02_snaps002.prefab using Guid(7ed4a1f9b38d9024fae90e9077d3de53) Importer(815301076,1909f56bfc062723c751e8b465ee728b)  -> (artifact id: '4a9072616c863766fd1a31c5d746505c') in 0.014815 seconds 
========================================================================
Received Import Request.
  Time since last request: 0.051154 seconds.
  path: Assets/AssetStoreOriginals/_SNAPS_PrototypingAssets/SciFi_Industrial/Prefabs/Decor/PanelEm_01_snaps002.prefab
  artifactKey: Guid(dfbd2a9ad7cec8b479b530f65dc65161) Importer(815301076,1909f56bfc062723c751e8b465ee728b)
Start importing Assets/AssetStoreOriginals/_SNAPS_PrototypingAssets/SciFi_Industrial/Prefabs/Decor/PanelEm_01_snaps002.prefab using Guid(dfbd2a9ad7cec8b479b530f65dc65161) Importer(815301076,1909f56bfc062723c751e8b465ee728b)  -> (artifact id: '5949dd401a688c61eb6347db547d9e26') in 0.013296 seconds 
========================================================================
Received Import Request.
  Time since last request: 0.089132 seconds.
  path: Assets/AssetStoreOriginals/_SNAPS_PrototypingAssets/SciFi_Industrial/Prefabs/Decor/PanelEm_02_snaps002.prefab
  artifactKey: Guid(a1c7b462aafc94746bed4b6921516f4d) Importer(815301076,1909f56bfc062723c751e8b465ee728b)
Start importing Assets/AssetStoreOriginals/_SNAPS_PrototypingAssets/SciFi_Industrial/Prefabs/Decor/PanelEm_02_snaps002.prefab using Guid(a1c7b462aafc94746bed4b6921516f4d) Importer(815301076,1909f56bfc062723c751e8b465ee728b)  -> (artifact id: '0d5eba3cd599e4048885dc2f85c07534') in 0.012507 seconds 
========================================================================
Received Import Request.
  Time since last request: 0.097815 seconds.
  path: Assets/AssetStoreOriginals/_SNAPS_PrototypingAssets/SciFi_Industrial/Prefabs/Decor/PanelEm_03_snaps002.prefab
  artifactKey: Guid(a998cb43467c4424aab584e17f1e6f7c) Importer(815301076,1909f56bfc062723c751e8b465ee728b)
Start importing Assets/AssetStoreOriginals/_SNAPS_PrototypingAssets/SciFi_Industrial/Prefabs/Decor/PanelEm_03_snaps002.prefab using Guid(a998cb43467c4424aab584e17f1e6f7c) Importer(815301076,1909f56bfc062723c751e8b465ee728b)  -> (artifact id: '6c55c89f6262b3616f281b245fbb229b') in 0.012495 seconds 
========================================================================
Received Import Request.
  Time since last request: 0.317610 seconds.
  path: Assets/AssetStoreOriginals/_SNAPS_PrototypingAssets/SciFi_Industrial/Prefabs/Decor/PanelEm_04_snaps002.prefab
  artifactKey: Guid(bb264e974a9e3914283d4f9a942a88a0) Importer(815301076,1909f56bfc062723c751e8b465ee728b)
Start importing Assets/AssetStoreOriginals/_SNAPS_PrototypingAssets/SciFi_Industrial/Prefabs/Decor/PanelEm_04_snaps002.prefab using Guid(bb264e974a9e3914283d4f9a942a88a0) Importer(815301076,1909f56bfc062723c751e8b465ee728b)  -> (artifact id: 'a17c26086b7a0a49f161b27ca70bbb43') in 0.013002 seconds 
========================================================================
Received Import Request.
  Time since last request: 0.250709 seconds.
  path: Assets/AssetStoreOriginals/_SNAPS_PrototypingAssets/SciFi_Industrial/Prefabs/Decor/PistonClamp_01_snaps002.prefab
  artifactKey: Guid(13f1546a2ac91fd42a68ff9b0b09e2c1) Importer(815301076,1909f56bfc062723c751e8b465ee728b)
Start importing Assets/AssetStoreOriginals/_SNAPS_PrototypingAssets/SciFi_Industrial/Prefabs/Decor/PistonClamp_01_snaps002.prefab using Guid(13f1546a2ac91fd42a68ff9b0b09e2c1) Importer(815301076,1909f56bfc062723c751e8b465ee728b)  -> (artifact id: '6e736231bb854529753f1f691f69f54c') in 0.014002 seconds 
========================================================================
Received Import Request.
  Time since last request: 0.069346 seconds.
  path: Assets/AssetStoreOriginals/_SNAPS_PrototypingAssets/SciFi_Industrial/Prefabs/Decor/PistonClamp_02_snaps002.prefab
  artifactKey: Guid(b413dae45c2f5d348b385a3796210966) Importer(815301076,1909f56bfc062723c751e8b465ee728b)
Start importing Assets/AssetStoreOriginals/_SNAPS_PrototypingAssets/SciFi_Industrial/Prefabs/Decor/PistonClamp_02_snaps002.prefab using Guid(b413dae45c2f5d348b385a3796210966) Importer(815301076,1909f56bfc062723c751e8b465ee728b)  -> (artifact id: '0a1399adb79d4a939f324e2c9495e70b') in 0.013012 seconds 
========================================================================
Received Import Request.
  Time since last request: 0.300449 seconds.
  path: Assets/AssetStoreOriginals/_SNAPS_PrototypingAssets/SciFi_Industrial/Prefabs/Decor/SectionSeal_01_snaps002.prefab
  artifactKey: Guid(493857c1d7678b642bc712689b449ca6) Importer(815301076,1909f56bfc062723c751e8b465ee728b)
Start importing Assets/AssetStoreOriginals/_SNAPS_PrototypingAssets/SciFi_Industrial/Prefabs/Decor/SectionSeal_01_snaps002.prefab using Guid(493857c1d7678b642bc712689b449ca6) Importer(815301076,1909f56bfc062723c751e8b465ee728b)  -> (artifact id: '668e01c5b472f1bc58672e95bb1c1791') in 0.014122 seconds 
========================================================================
Received Import Request.
  Time since last request: 0.070153 seconds.
  path: Assets/AssetStoreOriginals/_SNAPS_PrototypingAssets/SciFi_Industrial/Prefabs/Decor/SectionSeal_02_snaps002.prefab
  artifactKey: Guid(f662bb257bdbe4b4098d75c944baa81f) Importer(815301076,1909f56bfc062723c751e8b465ee728b)
Start importing Assets/AssetStoreOriginals/_SNAPS_PrototypingAssets/SciFi_Industrial/Prefabs/Decor/SectionSeal_02_snaps002.prefab using Guid(f662bb257bdbe4b4098d75c944baa81f) Importer(815301076,1909f56bfc062723c751e8b465ee728b)  -> (artifact id: 'e011db6de02574a288f78042c0f17387') in 0.013153 seconds 
========================================================================
Received Import Request.
  Time since last request: 0.300180 seconds.
  path: Assets/AssetStoreOriginals/_SNAPS_PrototypingAssets/SciFi_Industrial/Prefabs/Decor/TurbineCover_01_snaps002.prefab
  artifactKey: Guid(b390f1ac5ced8b04380a78248e858c56) Importer(815301076,1909f56bfc062723c751e8b465ee728b)
Start importing Assets/AssetStoreOriginals/_SNAPS_PrototypingAssets/SciFi_Industrial/Prefabs/Decor/TurbineCover_01_snaps002.prefab using Guid(b390f1ac5ced8b04380a78248e858c56) Importer(815301076,1909f56bfc062723c751e8b465ee728b)  -> (artifact id: '4e100f7052d1b725eb7c4dcd67a06d93') in 0.013407 seconds 
========================================================================
Received Import Request.
  Time since last request: 0.066790 seconds.
  path: Assets/AssetStoreOriginals/_SNAPS_PrototypingAssets/SciFi_Industrial/Prefabs/Decor/TurbineCover_02_snaps002.prefab
  artifactKey: Guid(c560707c4ed2c4049a4a3cc98efb1539) Importer(815301076,1909f56bfc062723c751e8b465ee728b)
Start importing Assets/AssetStoreOriginals/_SNAPS_PrototypingAssets/SciFi_Industrial/Prefabs/Decor/TurbineCover_02_snaps002.prefab using Guid(c560707c4ed2c4049a4a3cc98efb1539) Importer(815301076,1909f56bfc062723c751e8b465ee728b)  -> (artifact id: 'e793bbf643df8803a06c5d0492ae54ab') in 0.012902 seconds 
========================================================================
Received Import Request.
  Time since last request: 0.300644 seconds.
  path: Assets/AssetStoreOriginals/_SNAPS_PrototypingAssets/SciFi_Industrial/Prefabs/Decor/TurbineCover_03_snaps002.prefab
  artifactKey: Guid(cb0e292cdba361a499f804f62bcfe109) Importer(815301076,1909f56bfc062723c751e8b465ee728b)
Start importing Assets/AssetStoreOriginals/_SNAPS_PrototypingAssets/SciFi_Industrial/Prefabs/Decor/TurbineCover_03_snaps002.prefab using Guid(cb0e292cdba361a499f804f62bcfe109) Importer(815301076,1909f56bfc062723c751e8b465ee728b)  -> (artifact id: 'a52a7a8be706d38e609f8635ba283628') in 0.014685 seconds 
========================================================================
Received Import Request.
  Time since last request: 0.232176 seconds.
  path: Assets/AssetStoreOriginals/_SNAPS_PrototypingAssets/SciFi_Industrial/Prefabs/Decor/Vent_01_snaps002.prefab
  artifactKey: Guid(9ac40cb0b3cb9654f88812ce1de07e63) Importer(815301076,1909f56bfc062723c751e8b465ee728b)
Start importing Assets/AssetStoreOriginals/_SNAPS_PrototypingAssets/SciFi_Industrial/Prefabs/Decor/Vent_01_snaps002.prefab using Guid(9ac40cb0b3cb9654f88812ce1de07e63) Importer(815301076,1909f56bfc062723c751e8b465ee728b)  -> (artifact id: 'db0166028f2fe640d372d6d5458720a7') in 0.012898 seconds 
========================================================================
Received Import Request.
  Time since last request: 14.401240 seconds.
  path: Assets/AssetStoreOriginals/_SNAPS_PrototypingAssets/SciFi_Industrial/Prefabs/Decor/Vent_02_snaps002.prefab
  artifactKey: Guid(6d007ad5ada6c03408e15b31bd8d43e3) Importer(815301076,1909f56bfc062723c751e8b465ee728b)
Start importing Assets/AssetStoreOriginals/_SNAPS_PrototypingAssets/SciFi_Industrial/Prefabs/Decor/Vent_02_snaps002.prefab using Guid(6d007ad5ada6c03408e15b31bd8d43e3) Importer(815301076,1909f56bfc062723c751e8b465ee728b)  -> (artifact id: '6787702e100778771f3b46db6a29ae87') in 0.032142 seconds 
========================================================================
Received Import Request.
  Time since last request: 2.978668 seconds.
  path: Assets/AssetStoreOriginals/_SNAPS_PrototypingAssets/SciFi_Industrial/Prefabs/Decor/WClamp_01_snaps002.prefab
  artifactKey: Guid(3682bdd09cd6a6241aa4f9edfff214e8) Importer(815301076,1909f56bfc062723c751e8b465ee728b)
Start importing Assets/AssetStoreOriginals/_SNAPS_PrototypingAssets/SciFi_Industrial/Prefabs/Decor/WClamp_01_snaps002.prefab using Guid(3682bdd09cd6a6241aa4f9edfff214e8) Importer(815301076,1909f56bfc062723c751e8b465ee728b)  -> (artifact id: '889cbdb6b9e7cea6a6c4ae98f427cab9') in 0.030717 seconds 
========================================================================
Received Import Request.
  Time since last request: 5.285673 seconds.
  path: Assets/AssetStoreOriginals/_SNAPS_PrototypingAssets/SciFi_Industrial/Prefabs/Decor/WClamp_02_snaps002.prefab
  artifactKey: Guid(147c4fe11a2866040b84bbd974133280) Importer(815301076,1909f56bfc062723c751e8b465ee728b)
Start importing Assets/AssetStoreOriginals/_SNAPS_PrototypingAssets/SciFi_Industrial/Prefabs/Decor/WClamp_02_snaps002.prefab using Guid(147c4fe11a2866040b84bbd974133280) Importer(815301076,1909f56bfc062723c751e8b465ee728b)  -> (artifact id: '72cbf2c671a0af4129991b8315605401') in 0.012660 seconds 
========================================================================
Received Import Request.
  Time since last request: 0.567959 seconds.
  path: Assets/AssetStoreOriginals/_SNAPS_PrototypingAssets/SciFi_Industrial/Prefabs/Decor/WClamp_03_snaps002.prefab
  artifactKey: Guid(2720f7020a384934482be714bb621466) Importer(815301076,1909f56bfc062723c751e8b465ee728b)
Start importing Assets/AssetStoreOriginals/_SNAPS_PrototypingAssets/SciFi_Industrial/Prefabs/Decor/WClamp_03_snaps002.prefab using Guid(2720f7020a384934482be714bb621466) Importer(815301076,1909f56bfc062723c751e8b465ee728b)  -> (artifact id: 'fae97f3c0199df822fe50609e2dd4258') in 0.013741 seconds 
========================================================================
Received Import Request.
  Time since last request: 10.820662 seconds.
  path: Assets/AssetStoreOriginals/_SNAPS_PrototypingAssets/SciFi_Industrial/Prefabs/Props
  artifactKey: Guid(80be559c8449f3c41bc7088615890c57) Importer(815301076,1909f56bfc062723c751e8b465ee728b)
Start importing Assets/AssetStoreOriginals/_SNAPS_PrototypingAssets/SciFi_Industrial/Prefabs/Props using Guid(80be559c8449f3c41bc7088615890c57) Importer(815301076,1909f56bfc062723c751e8b465ee728b)  -> (artifact id: '33b6f1978293726fab57524b7a0419f7') in 0.259103 seconds 
========================================================================
Received Import Request.
  Time since last request: 0.759501 seconds.
  path: Assets/AssetStoreOriginals/_SNAPS_PrototypingAssets/SciFi_Industrial/Prefabs/Props/Barrel_01_snaps002.prefab
  artifactKey: Guid(eecb8c66bde2c244b94c10132b7aad0e) Importer(815301076,1909f56bfc062723c751e8b465ee728b)
Start importing Assets/AssetStoreOriginals/_SNAPS_PrototypingAssets/SciFi_Industrial/Prefabs/Props/Barrel_01_snaps002.prefab using Guid(eecb8c66bde2c244b94c10132b7aad0e) Importer(815301076,1909f56bfc062723c751e8b465ee728b)  -> (artifact id: '9ae5c98fd1a3bc3038dc5f803237bcff') in 0.032941 seconds 
========================================================================
Received Import Request.
  Time since last request: 1.111385 seconds.
  path: Assets/AssetStoreOriginals/_SNAPS_PrototypingAssets/SciFi_Industrial/Prefabs/Props/Barrel_02_snaps002.prefab
  artifactKey: Guid(8b1fc8f56ae45b44a91ace88f0db210c) Importer(815301076,1909f56bfc062723c751e8b465ee728b)
Start importing Assets/AssetStoreOriginals/_SNAPS_PrototypingAssets/SciFi_Industrial/Prefabs/Props/Barrel_02_snaps002.prefab using Guid(8b1fc8f56ae45b44a91ace88f0db210c) Importer(815301076,1909f56bfc062723c751e8b465ee728b)  -> (artifact id: '881dea90f2d0eec1c2ebdf1cd7a387c0') in 0.032387 seconds 
========================================================================
Received Import Request.
  Time since last request: 0.233771 seconds.
  path: Assets/AssetStoreOriginals/_SNAPS_PrototypingAssets/SciFi_Industrial/Prefabs/Props/Barrel_03_snaps002.prefab
  artifactKey: Guid(90a18773e670f054680d2f39c76a5471) Importer(815301076,1909f56bfc062723c751e8b465ee728b)
Start importing Assets/AssetStoreOriginals/_SNAPS_PrototypingAssets/SciFi_Industrial/Prefabs/Props/Barrel_03_snaps002.prefab using Guid(90a18773e670f054680d2f39c76a5471) Importer(815301076,1909f56bfc062723c751e8b465ee728b)  -> (artifact id: 'ff4f4b7a05831e0a15529744a5563ba7') in 0.015225 seconds 
========================================================================
Received Import Request.
  Time since last request: 0.231441 seconds.
  path: Assets/AssetStoreOriginals/_SNAPS_PrototypingAssets/SciFi_Industrial/Prefabs/Props/Barrel_04_snaps002.prefab
  artifactKey: Guid(cfcae8fd1d4ebf64fbdfecf57e5160a7) Importer(815301076,1909f56bfc062723c751e8b465ee728b)
Start importing Assets/AssetStoreOriginals/_SNAPS_PrototypingAssets/SciFi_Industrial/Prefabs/Props/Barrel_04_snaps002.prefab using Guid(cfcae8fd1d4ebf64fbdfecf57e5160a7) Importer(815301076,1909f56bfc062723c751e8b465ee728b)  -> (artifact id: 'abb84ce0936447abaa84f2b04628d890') in 0.013479 seconds 
========================================================================
Received Import Request.
  Time since last request: 0.434686 seconds.
  path: Assets/AssetStoreOriginals/_SNAPS_PrototypingAssets/SciFi_Industrial/Prefabs/Props/Console_01_snaps002.prefab
  artifactKey: Guid(8b1040fedd8c3484ba95a29f1f562955) Importer(815301076,1909f56bfc062723c751e8b465ee728b)
Start importing Assets/AssetStoreOriginals/_SNAPS_PrototypingAssets/SciFi_Industrial/Prefabs/Props/Console_01_snaps002.prefab using Guid(8b1040fedd8c3484ba95a29f1f562955) Importer(815301076,1909f56bfc062723c751e8b465ee728b)  -> (artifact id: 'a0c4544d4754c124c7eee62228aba9f4') in 0.014298 seconds 
========================================================================
Received Import Request.
  Time since last request: 0.051000 seconds.
  path: Assets/AssetStoreOriginals/_SNAPS_PrototypingAssets/SciFi_Industrial/Prefabs/Props/Crate_01_snaps002.prefab
  artifactKey: Guid(f2b1c300a6cdfb14c98d8e2408ca7884) Importer(815301076,1909f56bfc062723c751e8b465ee728b)
Start importing Assets/AssetStoreOriginals/_SNAPS_PrototypingAssets/SciFi_Industrial/Prefabs/Props/Crate_01_snaps002.prefab using Guid(f2b1c300a6cdfb14c98d8e2408ca7884) Importer(815301076,1909f56bfc062723c751e8b465ee728b)  -> (artifact id: 'e18366a9acb980fcde3c7c75e00dbbf4') in 0.013143 seconds 
========================================================================
Received Import Request.
  Time since last request: 0.086283 seconds.
  path: Assets/AssetStoreOriginals/_SNAPS_PrototypingAssets/SciFi_Industrial/Prefabs/Props/Crate_02_snaps002.prefab
  artifactKey: Guid(37f16a7beb3cae449a4885b50959b6ae) Importer(815301076,1909f56bfc062723c751e8b465ee728b)
Start importing Assets/AssetStoreOriginals/_SNAPS_PrototypingAssets/SciFi_Industrial/Prefabs/Props/Crate_02_snaps002.prefab using Guid(37f16a7beb3cae449a4885b50959b6ae) Importer(815301076,1909f56bfc062723c751e8b465ee728b)  -> (artifact id: '2f8f6b3166b2ff2d78fab2d5e5f16ce2') in 0.013607 seconds 
========================================================================
Received Import Request.
  Time since last request: 0.099923 seconds.
  path: Assets/AssetStoreOriginals/_SNAPS_PrototypingAssets/SciFi_Industrial/Prefabs/Props/Crate_03_snaps002.prefab
  artifactKey: Guid(f60a68fd009415d44bee80b63a157895) Importer(815301076,1909f56bfc062723c751e8b465ee728b)
Start importing Assets/AssetStoreOriginals/_SNAPS_PrototypingAssets/SciFi_Industrial/Prefabs/Props/Crate_03_snaps002.prefab using Guid(f60a68fd009415d44bee80b63a157895) Importer(815301076,1909f56bfc062723c751e8b465ee728b)  -> (artifact id: '9555e74b929e044746b52c3815f16fa6') in 0.013411 seconds 
========================================================================
Received Import Request.
  Time since last request: 0.100005 seconds.
  path: Assets/AssetStoreOriginals/_SNAPS_PrototypingAssets/SciFi_Industrial/Prefabs/Props/D-Shell_01_snaps002.prefab
  artifactKey: Guid(fff87e2ecf46f4d46acab03bafd313ab) Importer(815301076,1909f56bfc062723c751e8b465ee728b)
Start importing Assets/AssetStoreOriginals/_SNAPS_PrototypingAssets/SciFi_Industrial/Prefabs/Props/D-Shell_01_snaps002.prefab using Guid(fff87e2ecf46f4d46acab03bafd313ab) Importer(815301076,1909f56bfc062723c751e8b465ee728b)  -> (artifact id: 'b3573c5ec1becbefcb7708c99305bcae') in 0.013012 seconds 
========================================================================
Received Import Request.
  Time since last request: 0.100439 seconds.
  path: Assets/AssetStoreOriginals/_SNAPS_PrototypingAssets/SciFi_Industrial/Prefabs/Props/D-Shell_02_snaps002.prefab
  artifactKey: Guid(5b8f8fa316b8efb46bf59ae139b2b780) Importer(815301076,1909f56bfc062723c751e8b465ee728b)
Start importing Assets/AssetStoreOriginals/_SNAPS_PrototypingAssets/SciFi_Industrial/Prefabs/Props/D-Shell_02_snaps002.prefab using Guid(5b8f8fa316b8efb46bf59ae139b2b780) Importer(815301076,1909f56bfc062723c751e8b465ee728b)  -> (artifact id: 'f0df2c23dd9ee45b2dcd812f06903796') in 0.012778 seconds 
========================================================================
Received Import Request.
  Time since last request: 0.100689 seconds.
  path: Assets/AssetStoreOriginals/_SNAPS_PrototypingAssets/SciFi_Industrial/Prefabs/Props/DClamp_01_snaps002.prefab
  artifactKey: Guid(a658208b500e06f45a5aa4e7323f1ffe) Importer(815301076,1909f56bfc062723c751e8b465ee728b)
Start importing Assets/AssetStoreOriginals/_SNAPS_PrototypingAssets/SciFi_Industrial/Prefabs/Props/DClamp_01_snaps002.prefab using Guid(a658208b500e06f45a5aa4e7323f1ffe) Importer(815301076,1909f56bfc062723c751e8b465ee728b)  -> (artifact id: '0e84a78369064d86470d7ecf1d7346c9') in 0.012642 seconds 
========================================================================
Received Import Request.
  Time since last request: 0.100763 seconds.
  path: Assets/AssetStoreOriginals/_SNAPS_PrototypingAssets/SciFi_Industrial/Prefabs/Props/DClamp_02_snaps002.prefab
  artifactKey: Guid(3e8a4d075f30b3b478dfb7a20f36e41b) Importer(815301076,1909f56bfc062723c751e8b465ee728b)
Start importing Assets/AssetStoreOriginals/_SNAPS_PrototypingAssets/SciFi_Industrial/Prefabs/Props/DClamp_02_snaps002.prefab using Guid(3e8a4d075f30b3b478dfb7a20f36e41b) Importer(815301076,1909f56bfc062723c751e8b465ee728b)  -> (artifact id: '74f0204cf4295dda27509866facb252e') in 0.012403 seconds 
========================================================================
Received Import Request.
  Time since last request: 0.101032 seconds.
  path: Assets/AssetStoreOriginals/_SNAPS_PrototypingAssets/SciFi_Industrial/Prefabs/Props/DClamp_03_snaps002.prefab
  artifactKey: Guid(321181fb43eff3647929654b85eb8bd6) Importer(815301076,1909f56bfc062723c751e8b465ee728b)
Start importing Assets/AssetStoreOriginals/_SNAPS_PrototypingAssets/SciFi_Industrial/Prefabs/Props/DClamp_03_snaps002.prefab using Guid(321181fb43eff3647929654b85eb8bd6) Importer(815301076,1909f56bfc062723c751e8b465ee728b)  -> (artifact id: '7a6e5fb4e46b6d8ce1ece5020a266024') in 0.011909 seconds 
========================================================================
Received Import Request.
  Time since last request: 0.101500 seconds.
  path: Assets/AssetStoreOriginals/_SNAPS_PrototypingAssets/SciFi_Industrial/Prefabs/Props/Gen_Part_01_snaps002.prefab
  artifactKey: Guid(84773773c2703ef46b1bbeb8abaab0f7) Importer(815301076,1909f56bfc062723c751e8b465ee728b)
Start importing Assets/AssetStoreOriginals/_SNAPS_PrototypingAssets/SciFi_Industrial/Prefabs/Props/Gen_Part_01_snaps002.prefab using Guid(84773773c2703ef46b1bbeb8abaab0f7) Importer(815301076,1909f56bfc062723c751e8b465ee728b)  -> (artifact id: '218b17f74d31f6d11077569d6d2d0d62') in 0.012519 seconds 
========================================================================
Received Import Request.
  Time since last request: 0.100954 seconds.
  path: Assets/AssetStoreOriginals/_SNAPS_PrototypingAssets/SciFi_Industrial/Prefabs/Props/Gen_Part_02_snaps002.prefab
  artifactKey: Guid(301707a524aa54d49941d5498618beae) Importer(815301076,1909f56bfc062723c751e8b465ee728b)
Start importing Assets/AssetStoreOriginals/_SNAPS_PrototypingAssets/SciFi_Industrial/Prefabs/Props/Gen_Part_02_snaps002.prefab using Guid(301707a524aa54d49941d5498618beae) Importer(815301076,1909f56bfc062723c751e8b465ee728b)  -> (artifact id: '77e349cade7de2f0b9333727623924d9') in 0.013012 seconds 
========================================================================
Received Import Request.
  Time since last request: 0.236685 seconds.
  path: Assets/AssetStoreOriginals/_SNAPS_PrototypingAssets/SciFi_Industrial/Prefabs/Props/Gen_Part_03_snaps002.prefab
  artifactKey: Guid(f70873036059b2d40bf09f145ff0d614) Importer(815301076,1909f56bfc062723c751e8b465ee728b)
Start importing Assets/AssetStoreOriginals/_SNAPS_PrototypingAssets/SciFi_Industrial/Prefabs/Props/Gen_Part_03_snaps002.prefab using Guid(f70873036059b2d40bf09f145ff0d614) Importer(815301076,1909f56bfc062723c751e8b465ee728b)  -> (artifact id: '522807e5e58b147691c24cac796bf91c') in 0.014285 seconds 
========================================================================
Received Import Request.
  Time since last request: 0.377274 seconds.
  path: Assets/AssetStoreOriginals/_SNAPS_PrototypingAssets/SciFi_Industrial/Prefabs/Props/Gen_Part_04_snaps002.prefab
  artifactKey: Guid(02c19b863feda5b45bcb19319bc3248f) Importer(815301076,1909f56bfc062723c751e8b465ee728b)
Start importing Assets/AssetStoreOriginals/_SNAPS_PrototypingAssets/SciFi_Industrial/Prefabs/Props/Gen_Part_04_snaps002.prefab using Guid(02c19b863feda5b45bcb19319bc3248f) Importer(815301076,1909f56bfc062723c751e8b465ee728b)  -> (artifact id: '083342d19481816d5fefa8532090f804') in 0.015266 seconds 
========================================================================
Received Import Request.
  Time since last request: 0.049207 seconds.
  path: Assets/AssetStoreOriginals/_SNAPS_PrototypingAssets/SciFi_Industrial/Prefabs/Props/Gen_Part_05_snaps002.prefab
  artifactKey: Guid(8c9883632092308408c6567bd8f85787) Importer(815301076,1909f56bfc062723c751e8b465ee728b)
Start importing Assets/AssetStoreOriginals/_SNAPS_PrototypingAssets/SciFi_Industrial/Prefabs/Props/Gen_Part_05_snaps002.prefab using Guid(8c9883632092308408c6567bd8f85787) Importer(815301076,1909f56bfc062723c751e8b465ee728b)  -> (artifact id: '712ec1117f4877506a5318da1859e066') in 0.013100 seconds 
========================================================================
Received Import Request.
  Time since last request: 0.085386 seconds.
  path: Assets/AssetStoreOriginals/_SNAPS_PrototypingAssets/SciFi_Industrial/Prefabs/Props/Generator_01_snaps002.prefab
  artifactKey: Guid(ee291aa36cc91a34bb83babb65b717db) Importer(815301076,1909f56bfc062723c751e8b465ee728b)
Start importing Assets/AssetStoreOriginals/_SNAPS_PrototypingAssets/SciFi_Industrial/Prefabs/Props/Generator_01_snaps002.prefab using Guid(ee291aa36cc91a34bb83babb65b717db) Importer(815301076,1909f56bfc062723c751e8b465ee728b)  -> (artifact id: 'e5ab1abe26733a5388946084a8808dc3') in 0.016630 seconds 
========================================================================
Received Import Request.
  Time since last request: 0.096885 seconds.
  path: Assets/AssetStoreOriginals/_SNAPS_PrototypingAssets/SciFi_Industrial/Prefabs/Props/GuardRail_01_End_snaps002.prefab
  artifactKey: Guid(b12c4c105828040468dcc041ca32ce5e) Importer(815301076,1909f56bfc062723c751e8b465ee728b)
Start importing Assets/AssetStoreOriginals/_SNAPS_PrototypingAssets/SciFi_Industrial/Prefabs/Props/GuardRail_01_End_snaps002.prefab using Guid(b12c4c105828040468dcc041ca32ce5e) Importer(815301076,1909f56bfc062723c751e8b465ee728b)  -> (artifact id: 'b61b11735f32280fa1590c126d8ddc7d') in 0.012625 seconds 
========================================================================
Received Import Request.
  Time since last request: 0.317526 seconds.
  path: Assets/AssetStoreOriginals/_SNAPS_PrototypingAssets/SciFi_Industrial/Prefabs/Props/GuardRail_01_Joint_snaps002.prefab
  artifactKey: Guid(2620bdc8e640a444aa98776a364da7b3) Importer(815301076,1909f56bfc062723c751e8b465ee728b)
Start importing Assets/AssetStoreOriginals/_SNAPS_PrototypingAssets/SciFi_Industrial/Prefabs/Props/GuardRail_01_Joint_snaps002.prefab using Guid(2620bdc8e640a444aa98776a364da7b3) Importer(815301076,1909f56bfc062723c751e8b465ee728b)  -> (artifact id: '4d20c83be6f99f47b8afec3cc2342cfb') in 0.013078 seconds 
========================================================================
Received Import Request.
  Time since last request: 0.452477 seconds.
  path: Assets/AssetStoreOriginals/_SNAPS_PrototypingAssets/SciFi_Industrial/Prefabs/Props/GuardRail_01_snaps002.prefab
  artifactKey: Guid(8ac6c8f32a8b3114f8c36c2815f09d4f) Importer(815301076,1909f56bfc062723c751e8b465ee728b)
Start importing Assets/AssetStoreOriginals/_SNAPS_PrototypingAssets/SciFi_Industrial/Prefabs/Props/GuardRail_01_snaps002.prefab using Guid(8ac6c8f32a8b3114f8c36c2815f09d4f) Importer(815301076,1909f56bfc062723c751e8b465ee728b)  -> (artifact id: '588c0000ba6e83caed06620e803263ab') in 0.014200 seconds 
========================================================================
Received Import Request.
  Time since last request: 0.050468 seconds.
  path: Assets/AssetStoreOriginals/_SNAPS_PrototypingAssets/SciFi_Industrial/Prefabs/Props/GuardRail_02_End_snaps002.prefab
  artifactKey: Guid(8ec4bc96866a5bb4f90106a29dfd3d01) Importer(815301076,1909f56bfc062723c751e8b465ee728b)
Start importing Assets/AssetStoreOriginals/_SNAPS_PrototypingAssets/SciFi_Industrial/Prefabs/Props/GuardRail_02_End_snaps002.prefab using Guid(8ec4bc96866a5bb4f90106a29dfd3d01) Importer(815301076,1909f56bfc062723c751e8b465ee728b)  -> (artifact id: 'fffe72768b539dfbbd7eeac7a83aeb42') in 0.012633 seconds 
========================================================================
Received Import Request.
  Time since last request: 0.086415 seconds.
  path: Assets/AssetStoreOriginals/_SNAPS_PrototypingAssets/SciFi_Industrial/Prefabs/Props/GuardRail_02_Plugs_snaps002.prefab
  artifactKey: Guid(e16bbcb55b8cc1547828240ad568589f) Importer(815301076,1909f56bfc062723c751e8b465ee728b)
Start importing Assets/AssetStoreOriginals/_SNAPS_PrototypingAssets/SciFi_Industrial/Prefabs/Props/GuardRail_02_Plugs_snaps002.prefab using Guid(e16bbcb55b8cc1547828240ad568589f) Importer(815301076,1909f56bfc062723c751e8b465ee728b)  -> (artifact id: '763b714c820ce308c7f2f71409d516ec') in 0.012792 seconds 
========================================================================
Received Import Request.
  Time since last request: 0.100594 seconds.
  path: Assets/AssetStoreOriginals/_SNAPS_PrototypingAssets/SciFi_Industrial/Prefabs/Props/GuardRail_02_snaps002.prefab
  artifactKey: Guid(9a80f1159de6c8249a43aee2815a177d) Importer(815301076,1909f56bfc062723c751e8b465ee728b)
Start importing Assets/AssetStoreOriginals/_SNAPS_PrototypingAssets/SciFi_Industrial/Prefabs/Props/GuardRail_02_snaps002.prefab using Guid(9a80f1159de6c8249a43aee2815a177d) Importer(815301076,1909f56bfc062723c751e8b465ee728b)  -> (artifact id: '0278602496ae34a9f024525f351ae5ac') in 0.012368 seconds 
========================================================================
Received Import Request.
  Time since last request: 0.101027 seconds.
  path: Assets/AssetStoreOriginals/_SNAPS_PrototypingAssets/SciFi_Industrial/Prefabs/Props/LootBox_01_snaps002.prefab
  artifactKey: Guid(bdf3d5615008e324a96f6bce82a4b776) Importer(815301076,1909f56bfc062723c751e8b465ee728b)
Start importing Assets/AssetStoreOriginals/_SNAPS_PrototypingAssets/SciFi_Industrial/Prefabs/Props/LootBox_01_snaps002.prefab using Guid(bdf3d5615008e324a96f6bce82a4b776) Importer(815301076,1909f56bfc062723c751e8b465ee728b)  -> (artifact id: 'c968b383209f0e130cd913137fa9f41a') in 0.012710 seconds 
========================================================================
Received Import Request.
  Time since last request: 0.100736 seconds.
  path: Assets/AssetStoreOriginals/_SNAPS_PrototypingAssets/SciFi_Industrial/Prefabs/Props/LootBox_02_snaps002.prefab
  artifactKey: Guid(d7793afbdc0cfaa40b52b9a1d5fa2aed) Importer(815301076,1909f56bfc062723c751e8b465ee728b)
Start importing Assets/AssetStoreOriginals/_SNAPS_PrototypingAssets/SciFi_Industrial/Prefabs/Props/LootBox_02_snaps002.prefab using Guid(d7793afbdc0cfaa40b52b9a1d5fa2aed) Importer(815301076,1909f56bfc062723c751e8b465ee728b)  -> (artifact id: '12b030407f3c742a2b4c5d0e9b611b69') in 0.013418 seconds 
========================================================================
Received Import Request.
  Time since last request: 0.233324 seconds.
  path: Assets/AssetStoreOriginals/_SNAPS_PrototypingAssets/SciFi_Industrial/Prefabs/Props/Pipe_M_Corner_01_snaps002.prefab
  artifactKey: Guid(72de0beeba2e6bf4a9c3893b470689ae) Importer(815301076,1909f56bfc062723c751e8b465ee728b)
Start importing Assets/AssetStoreOriginals/_SNAPS_PrototypingAssets/SciFi_Industrial/Prefabs/Props/Pipe_M_Corner_01_snaps002.prefab using Guid(72de0beeba2e6bf4a9c3893b470689ae) Importer(815301076,1909f56bfc062723c751e8b465ee728b)  -> (artifact id: 'e94ad4572d9bcac32c24dda43b0f0be6') in 0.088801 seconds 
========================================================================
Received Import Request.
  Time since last request: 0.327807 seconds.
  path: Assets/AssetStoreOriginals/_SNAPS_PrototypingAssets/SciFi_Industrial/Prefabs/Props/Pipe_M_Corner_02_snaps002.prefab
  artifactKey: Guid(39566c1fc231155428127090e6dc14a5) Importer(815301076,1909f56bfc062723c751e8b465ee728b)
Start importing Assets/AssetStoreOriginals/_SNAPS_PrototypingAssets/SciFi_Industrial/Prefabs/Props/Pipe_M_Corner_02_snaps002.prefab using Guid(39566c1fc231155428127090e6dc14a5) Importer(815301076,1909f56bfc062723c751e8b465ee728b)  -> (artifact id: 'baadd581eb057535d1d7b28b2305e84a') in 0.012681 seconds 
========================================================================
Received Import Request.
  Time since last request: 0.050905 seconds.
  path: Assets/AssetStoreOriginals/_SNAPS_PrototypingAssets/SciFi_Industrial/Prefabs/Props/Pipe_M_snaps002.prefab
  artifactKey: Guid(4d225f970f8e37d4e820f1cb8440987b) Importer(815301076,1909f56bfc062723c751e8b465ee728b)
Start importing Assets/AssetStoreOriginals/_SNAPS_PrototypingAssets/SciFi_Industrial/Prefabs/Props/Pipe_M_snaps002.prefab using Guid(4d225f970f8e37d4e820f1cb8440987b) Importer(815301076,1909f56bfc062723c751e8b465ee728b)  -> (artifact id: '6a71bfdd269107803688d8ebae3018bd') in 0.012051 seconds 
========================================================================
Received Import Request.
  Time since last request: 0.084841 seconds.
  path: Assets/AssetStoreOriginals/_SNAPS_PrototypingAssets/SciFi_Industrial/Prefabs/Props/Pipe_S_Corner_snaps002.prefab
  artifactKey: Guid(cd883448e719018428c96f034ddbf3ad) Importer(815301076,1909f56bfc062723c751e8b465ee728b)
Start importing Assets/AssetStoreOriginals/_SNAPS_PrototypingAssets/SciFi_Industrial/Prefabs/Props/Pipe_S_Corner_snaps002.prefab using Guid(cd883448e719018428c96f034ddbf3ad) Importer(815301076,1909f56bfc062723c751e8b465ee728b)  -> (artifact id: '38a8b07cce9291c937debb37b8d45b88') in 0.012681 seconds 
========================================================================
Received Import Request.
  Time since last request: 0.100793 seconds.
  path: Assets/AssetStoreOriginals/_SNAPS_PrototypingAssets/SciFi_Industrial/Prefabs/Props/Pipe_S_snaps002.prefab
  artifactKey: Guid(8c39b59b8609eeb41846d53ddd3ce2a8) Importer(815301076,1909f56bfc062723c751e8b465ee728b)
Start importing Assets/AssetStoreOriginals/_SNAPS_PrototypingAssets/SciFi_Industrial/Prefabs/Props/Pipe_S_snaps002.prefab using Guid(8c39b59b8609eeb41846d53ddd3ce2a8) Importer(815301076,1909f56bfc062723c751e8b465ee728b)  -> (artifact id: 'd53d683ce6fb5c86cb4b229ddfa77758') in 0.012659 seconds 
========================================================================
Received Import Request.
  Time since last request: 0.137260 seconds.
  path: Assets/AssetStoreOriginals/_SNAPS_PrototypingAssets/SciFi_Industrial/Prefabs/Props/Pod_snaps002.prefab
  artifactKey: Guid(092812366f3cfac4a9cc2d1a727ff7ba) Importer(815301076,1909f56bfc062723c751e8b465ee728b)
Start importing Assets/AssetStoreOriginals/_SNAPS_PrototypingAssets/SciFi_Industrial/Prefabs/Props/Pod_snaps002.prefab using Guid(092812366f3cfac4a9cc2d1a727ff7ba) Importer(815301076,1909f56bfc062723c751e8b465ee728b)  -> (artifact id: 'ef26aca8e913b144de632f4dbd66102b') in 0.012749 seconds 
========================================================================
Received Import Request.
  Time since last request: 0.442371 seconds.
  path: Assets/AssetStoreOriginals/_SNAPS_PrototypingAssets/SciFi_Industrial/Prefabs/Props/PodCab_snaps002.prefab
  artifactKey: Guid(973473539eca4c0469c4270f108e438f) Importer(815301076,1909f56bfc062723c751e8b465ee728b)
Start importing Assets/AssetStoreOriginals/_SNAPS_PrototypingAssets/SciFi_Industrial/Prefabs/Props/PodCab_snaps002.prefab using Guid(973473539eca4c0469c4270f108e438f) Importer(815301076,1909f56bfc062723c751e8b465ee728b)  -> (artifact id: 'b561bfa139c095b901623bdd904fe9f4') in 0.016068 seconds 
========================================================================
Received Import Request.
  Time since last request: 0.051946 seconds.
  path: Assets/AssetStoreOriginals/_SNAPS_PrototypingAssets/SciFi_Industrial/Prefabs/Props/PodHolder_snaps002.prefab
  artifactKey: Guid(a1a83d2092ced8a469dab21cf6c7133b) Importer(815301076,1909f56bfc062723c751e8b465ee728b)
Start importing Assets/AssetStoreOriginals/_SNAPS_PrototypingAssets/SciFi_Industrial/Prefabs/Props/PodHolder_snaps002.prefab using Guid(a1a83d2092ced8a469dab21cf6c7133b) Importer(815301076,1909f56bfc062723c751e8b465ee728b)  -> (artifact id: '92d448608f3eb014c5e7ac915e6c88f7') in 0.014412 seconds 
========================================================================
Received Import Request.
  Time since last request: 0.084560 seconds.
  path: Assets/AssetStoreOriginals/_SNAPS_PrototypingAssets/SciFi_Industrial/Prefabs/Props/PowerCore_01_snaps002.prefab
  artifactKey: Guid(cd0f18d8f0c53a14ab401ebd0214a4e2) Importer(815301076,1909f56bfc062723c751e8b465ee728b)
Start importing Assets/AssetStoreOriginals/_SNAPS_PrototypingAssets/SciFi_Industrial/Prefabs/Props/PowerCore_01_snaps002.prefab using Guid(cd0f18d8f0c53a14ab401ebd0214a4e2) Importer(815301076,1909f56bfc062723c751e8b465ee728b)  -> (artifact id: '6f57fe5eb1cbddb6a4e38c3e45898797') in 0.029487 seconds 
========================================================================
Received Import Request.
  Time since last request: 0.083822 seconds.
  path: Assets/AssetStoreOriginals/_SNAPS_PrototypingAssets/SciFi_Industrial/Prefabs/Props/PowerCore_02_snaps002.prefab
  artifactKey: Guid(4a68610f59a4280429c8b2d0813fc135) Importer(815301076,1909f56bfc062723c751e8b465ee728b)
Start importing Assets/AssetStoreOriginals/_SNAPS_PrototypingAssets/SciFi_Industrial/Prefabs/Props/PowerCore_02_snaps002.prefab using Guid(4a68610f59a4280429c8b2d0813fc135) Importer(815301076,1909f56bfc062723c751e8b465ee728b)  -> (artifact id: 'b948a54f11e2a69b4016856fd287931a') in 0.014044 seconds 
========================================================================
Received Import Request.
  Time since last request: 0.316105 seconds.
  path: Assets/AssetStoreOriginals/_SNAPS_PrototypingAssets/SciFi_Industrial/Prefabs/Props/SphericalObject_snaps002.prefab
  artifactKey: Guid(58189bdcabab0a6409763539b4da1657) Importer(815301076,1909f56bfc062723c751e8b465ee728b)
Start importing Assets/AssetStoreOriginals/_SNAPS_PrototypingAssets/SciFi_Industrial/Prefabs/Props/SphericalObject_snaps002.prefab using Guid(58189bdcabab0a6409763539b4da1657) Importer(815301076,1909f56bfc062723c751e8b465ee728b)  -> (artifact id: '6d7abd71bec5b100749fa704330e0297') in 0.012985 seconds 
========================================================================
Received Import Request.
  Time since last request: 0.337491 seconds.
  path: Assets/AssetStoreOriginals/_SNAPS_PrototypingAssets/SciFi_Industrial/Prefabs/Props/Storage_01_snaps002.prefab
  artifactKey: Guid(96bafbd921a8d1f459a26237511562e5) Importer(815301076,1909f56bfc062723c751e8b465ee728b)
Start importing Assets/AssetStoreOriginals/_SNAPS_PrototypingAssets/SciFi_Industrial/Prefabs/Props/Storage_01_snaps002.prefab using Guid(96bafbd921a8d1f459a26237511562e5) Importer(815301076,1909f56bfc062723c751e8b465ee728b)  -> (artifact id: '08c03391a1e30daf18c45ebcad0ba6c9') in 0.013336 seconds 
========================================================================
Received Import Request.
  Time since last request: 0.233361 seconds.
  path: Assets/AssetStoreOriginals/_SNAPS_PrototypingAssets/SciFi_Industrial/Prefabs/Props/Storage_02_snaps002.prefab
  artifactKey: Guid(6fb3c3ccbbfe80a40a52c06a792263c7) Importer(815301076,1909f56bfc062723c751e8b465ee728b)
Start importing Assets/AssetStoreOriginals/_SNAPS_PrototypingAssets/SciFi_Industrial/Prefabs/Props/Storage_02_snaps002.prefab using Guid(6fb3c3ccbbfe80a40a52c06a792263c7) Importer(815301076,1909f56bfc062723c751e8b465ee728b)  -> (artifact id: 'ca597f72b329f77ad77bc4c9be9cc676') in 0.013469 seconds 
========================================================================
Received Import Request.
  Time since last request: 0.233266 seconds.
  path: Assets/AssetStoreOriginals/_SNAPS_PrototypingAssets/SciFi_Industrial/Prefabs/Props/Storage_03_snaps002.prefab
  artifactKey: Guid(6f6bf2b372bf5ea43977fb96a1b11e88) Importer(815301076,1909f56bfc062723c751e8b465ee728b)
Start importing Assets/AssetStoreOriginals/_SNAPS_PrototypingAssets/SciFi_Industrial/Prefabs/Props/Storage_03_snaps002.prefab using Guid(6f6bf2b372bf5ea43977fb96a1b11e88) Importer(815301076,1909f56bfc062723c751e8b465ee728b)  -> (artifact id: 'eaf91c5441adcc4ef06fa795a776401d') in 0.012950 seconds 
========================================================================
Received Import Request.
  Time since last request: 10.017067 seconds.
  path: Assets/AssetStoreOriginals/_SNAPS_PrototypingAssets/SciFi_Industrial/Prefabs/NestedPrefabs
  artifactKey: Guid(8ccb83fd627791941aeb966db12208b1) Importer(815301076,1909f56bfc062723c751e8b465ee728b)
Start importing Assets/AssetStoreOriginals/_SNAPS_PrototypingAssets/SciFi_Industrial/Prefabs/NestedPrefabs using Guid(8ccb83fd627791941aeb966db12208b1) Importer(815301076,1909f56bfc062723c751e8b465ee728b)  -> (artifact id: '3d648842ac68144e6f357bd168c31be7') in 0.006849 seconds 
========================================================================
Received Import Request.
  Time since last request: 0.633069 seconds.
  path: Assets/AssetStoreOriginals/_SNAPS_PrototypingAssets/SciFi_Industrial/Prefabs/NestedPrefabs/Deck_Wall_3X1.prefab
  artifactKey: Guid(589f6cb4dfbeb4b49a340d9c25d63c17) Importer(815301076,1909f56bfc062723c751e8b465ee728b)
Start importing Assets/AssetStoreOriginals/_SNAPS_PrototypingAssets/SciFi_Industrial/Prefabs/NestedPrefabs/Deck_Wall_3X1.prefab using Guid(589f6cb4dfbeb4b49a340d9c25d63c17) Importer(815301076,1909f56bfc062723c751e8b465ee728b)  -> (artifact id: '83c10e6dae79c1d30929a05a5d3d714a') in 0.018351 seconds 
========================================================================
Received Import Request.
  Time since last request: 0.777651 seconds.
  path: Assets/AssetStoreOriginals/_SNAPS_PrototypingAssets/SciFi_Industrial/Prefabs/NestedPrefabs/Deck_Floor_01_3X3.prefab
  artifactKey: Guid(4c774ccb36270434caf72b6a59424109) Importer(815301076,1909f56bfc062723c751e8b465ee728b)
Start importing Assets/AssetStoreOriginals/_SNAPS_PrototypingAssets/SciFi_Industrial/Prefabs/NestedPrefabs/Deck_Floor_01_3X3.prefab using Guid(4c774ccb36270434caf72b6a59424109) Importer(815301076,1909f56bfc062723c751e8b465ee728b)  -> (artifact id: 'dbad9a8dc5351a4fd05cfe204388957a') in 0.014670 seconds 
========================================================================
Received Import Request.
  Time since last request: 2.845210 seconds.
  path: Assets/AssetStoreOriginals/_SNAPS_PrototypingAssets/SciFi_Industrial/Prefabs/NestedPrefabs/Doorway_Balcony_3X1.prefab
  artifactKey: Guid(f0075f9ff8684d2498269202fd7753ee) Importer(815301076,1909f56bfc062723c751e8b465ee728b)
Start importing Assets/AssetStoreOriginals/_SNAPS_PrototypingAssets/SciFi_Industrial/Prefabs/NestedPrefabs/Doorway_Balcony_3X1.prefab using Guid(f0075f9ff8684d2498269202fd7753ee) Importer(815301076,1909f56bfc062723c751e8b465ee728b)  -> (artifact id: 'a561c6ecb82db2ca1893a7175ac2dbf1') in 0.020129 seconds 
========================================================================
Received Import Request.
  Time since last request: 1.056747 seconds.
  path: Assets/AssetStoreOriginals/_SNAPS_PrototypingAssets/SciFi_Industrial/Prefabs/NestedPrefabs/PowerSpot.prefab
  artifactKey: Guid(537a5e593a1df744285a671e7570742c) Importer(815301076,1909f56bfc062723c751e8b465ee728b)
Start importing Assets/AssetStoreOriginals/_SNAPS_PrototypingAssets/SciFi_Industrial/Prefabs/NestedPrefabs/PowerSpot.prefab using Guid(537a5e593a1df744285a671e7570742c) Importer(815301076,1909f56bfc062723c751e8b465ee728b)  -> (artifact id: 'bd018e0c08e586f3b5f16bb35efcef68') in 0.019504 seconds 
========================================================================
Received Import Request.
  Time since last request: 0.968108 seconds.
  path: Assets/AssetStoreOriginals/_SNAPS_PrototypingAssets/SciFi_Industrial/Prefabs/NestedPrefabs/Stairway_Balcony_3X1.prefab
  artifactKey: Guid(a24a1ab7f3b926a47b003a6260ffd84d) Importer(815301076,1909f56bfc062723c751e8b465ee728b)
Start importing Assets/AssetStoreOriginals/_SNAPS_PrototypingAssets/SciFi_Industrial/Prefabs/NestedPrefabs/Stairway_Balcony_3X1.prefab using Guid(a24a1ab7f3b926a47b003a6260ffd84d) Importer(815301076,1909f56bfc062723c751e8b465ee728b)  -> (artifact id: '26875dd2ba9f45878f26aeab3f888be6') in 0.020217 seconds 
========================================================================
Received Import Request.
  Time since last request: 1.329222 seconds.
  path: Assets/AssetStoreOriginals/_SNAPS_PrototypingAssets/SciFi_Industrial/Prefabs/NestedPrefabs/Supports.prefab
  artifactKey: Guid(d79e9a4b5e5e8e3479f244f390a66b57) Importer(815301076,1909f56bfc062723c751e8b465ee728b)
Start importing Assets/AssetStoreOriginals/_SNAPS_PrototypingAssets/SciFi_Industrial/Prefabs/NestedPrefabs/Supports.prefab using Guid(d79e9a4b5e5e8e3479f244f390a66b57) Importer(815301076,1909f56bfc062723c751e8b465ee728b)  -> (artifact id: '2fa1b9815b3693ce5f6c7ad09b4a21d2') in 0.015876 seconds 
========================================================================
Received Import Request.
  Time since last request: 1.101965 seconds.
  path: Assets/AssetStoreOriginals/_SNAPS_PrototypingAssets/SciFi_Industrial/Prefabs/NestedPrefabs/Wall_Balcony_3X1.prefab
  artifactKey: Guid(6162963469b806c479d6799947b9be2b) Importer(815301076,1909f56bfc062723c751e8b465ee728b)
Start importing Assets/AssetStoreOriginals/_SNAPS_PrototypingAssets/SciFi_Industrial/Prefabs/NestedPrefabs/Wall_Balcony_3X1.prefab using Guid(6162963469b806c479d6799947b9be2b) Importer(815301076,1909f56bfc062723c751e8b465ee728b)  -> (artifact id: '370f84f6c9120d91203903837756f521') in 0.019245 seconds 
========================================================================
Received Import Request.
  Time since last request: 62.296009 seconds.
  path: Assets/AssetStoreOriginals/_SNAPS_PrototypingAssets/SciFi_Industrial/Prefabs/NestedPrefabs/Doorway_Balcony_3X1.prefab
  artifactKey: Guid(f0075f9ff8684d2498269202fd7753ee) Importer(815301076,1909f56bfc062723c751e8b465ee728b)
Start importing Assets/AssetStoreOriginals/_SNAPS_PrototypingAssets/SciFi_Industrial/Prefabs/NestedPrefabs/Doorway_Balcony_3X1.prefab using Guid(f0075f9ff8684d2498269202fd7753ee) Importer(815301076,1909f56bfc062723c751e8b465ee728b)  -> (artifact id: '4cac0547dc65697196939581b7539093') in 0.017136 seconds 
AssetImportWorkerClient::OnTransportError - code=2 error=End of file
