Using pre-set license
Built from '2020.3/staging' branch; Version is '2020.3.35f1 (18e4db7a9996) revision 1631451'; Using compiler version '192528614'; Build Type 'Release'
OS: 'Windows 10  (10.0.19044) 64bit Core' Language: 'tr' Physical Memory: 16280 MB
BatchMode: 1, IsHumanControllingUs: 0, StartBugReporterOnCrash: 0, Is64bit: 1, IsPro: 0

COMMAND LINE ARGUMENTS:
C:\Program Files\Unity\Hub\Editor\2020.3.35f1\Editor\Unity.exe
-adb2
-batchMode
-noUpm
-name
AssetImportWorker0
-projectPath
E:/GithubRepo/HyperCasual1/Project-Rescue
-logFile
Logs/AssetImportWorker0.log
-srvPort
65103
Successfully changed project path to: E:/GithubRepo/HyperCasual1/Project-Rescue
E:/GithubRepo/HyperCasual1/Project-Rescue
Using Asset Import Pipeline V2.
Refreshing native plugins compatible for Editor in 43.94 ms, found 2 plugins.
Preloading 0 native plugins for Editor in 0.00 ms.
Initialize engine version: 2020.3.35f1 (18e4db7a9996)
[Subsystems] Discovering subsystems at path C:/Program Files/Unity/Hub/Editor/2020.3.35f1/Editor/Data/Resources/UnitySubsystems
[Subsystems] Discovering subsystems at path E:/GithubRepo/HyperCasual1/Project-Rescue/Assets
GfxDevice: creating device client; threaded=0
Direct3D:
    Version:  Direct3D 11.0 [level 11.1]
    Renderer: NVIDIA GeForce GTX 1660 Ti (ID=0x2182)
    Vendor:   
    VRAM:     5991 MB
    Driver:   31.0.15.1640
Initialize mono
Mono path[0] = 'C:/Program Files/Unity/Hub/Editor/2020.3.35f1/Editor/Data/Managed'
Mono path[1] = 'C:/Program Files/Unity/Hub/Editor/2020.3.35f1/Editor/Data/MonoBleedingEdge/lib/mono/unityjit'
Mono config path = 'C:/Program Files/Unity/Hub/Editor/2020.3.35f1/Editor/Data/MonoBleedingEdge/etc'
Using monoOptions --debugger-agent=transport=dt_socket,embedding=1,server=y,suspend=n,address=127.0.0.1:56944
Begin MonoManager ReloadAssembly
Registering precompiled unity dll's ...
Register platform support module: C:/Program Files/Unity/Hub/Editor/2020.3.35f1/Editor/Data/PlaybackEngines/WebGLSupport/UnityEditor.WebGL.Extensions.dll
Register platform support module: C:/Program Files/Unity/Hub/Editor/2020.3.35f1/Editor/Data/PlaybackEngines/WindowsStandaloneSupport/UnityEditor.WindowsStandalone.Extensions.dll
Registered in 0.001427 seconds.
Native extension for WindowsStandalone target not found
Native extension for WebGL target not found
Refreshing native plugins compatible for Editor in 44.31 ms, found 2 plugins.
Preloading 0 native plugins for Editor in 0.00 ms.
Mono: successfully reloaded assembly
- Completed reload, in  0.510 seconds
Domain Reload Profiling:
	ReloadAssembly (510ms)
		BeginReloadAssembly (51ms)
			ExecutionOrderSort (0ms)
			DisableScriptedObjects (0ms)
			BackupInstance (0ms)
			ReleaseScriptingObjects (0ms)
			CreateAndSetChildDomain (1ms)
		EndReloadAssembly (400ms)
			LoadAssemblies (50ms)
			RebuildTransferFunctionScriptingTraits (0ms)
			SetupTypeCache (129ms)
			ReleaseScriptCaches (0ms)
			RebuildScriptCaches (26ms)
			SetupLoadedEditorAssemblies (157ms)
				LogAssemblyErrors (0ms)
				InitializePlatformSupportModulesInManaged (4ms)
				SetLoadedEditorAssemblies (0ms)
				RefreshPlugins (44ms)
				BeforeProcessingInitializeOnLoad (12ms)
				ProcessInitializeOnLoadAttributes (72ms)
				ProcessInitializeOnLoadMethodAttributes (23ms)
				AfterProcessingInitializeOnLoad (0ms)
				EditorAssembliesLoaded (0ms)
			ExecutionOrderSort2 (0ms)
			AwakeInstancesAfterBackupRestoration (0ms)
Platform modules already initialized, skipping
Registering precompiled user dll's ...
Registered in 0.002037 seconds.
Begin MonoManager ReloadAssembly
Native extension for WindowsStandalone target not found
Native extension for WebGL target not found
Refreshing native plugins compatible for Editor in 0.43 ms, found 2 plugins.
Preloading 0 native plugins for Editor in 0.00 ms.
Mono: successfully reloaded assembly
- Completed reload, in  0.926 seconds
Domain Reload Profiling:
	ReloadAssembly (926ms)
		BeginReloadAssembly (127ms)
			ExecutionOrderSort (0ms)
			DisableScriptedObjects (4ms)
			BackupInstance (0ms)
			ReleaseScriptingObjects (0ms)
			CreateAndSetChildDomain (15ms)
		EndReloadAssembly (748ms)
			LoadAssemblies (78ms)
			RebuildTransferFunctionScriptingTraits (0ms)
			SetupTypeCache (244ms)
			ReleaseScriptCaches (0ms)
			RebuildScriptCaches (46ms)
			SetupLoadedEditorAssemblies (308ms)
				LogAssemblyErrors (0ms)
				InitializePlatformSupportModulesInManaged (5ms)
				SetLoadedEditorAssemblies (0ms)
				RefreshPlugins (0ms)
				BeforeProcessingInitializeOnLoad (75ms)
				ProcessInitializeOnLoadAttributes (211ms)
				ProcessInitializeOnLoadMethodAttributes (12ms)
				AfterProcessingInitializeOnLoad (4ms)
				EditorAssembliesLoaded (0ms)
			ExecutionOrderSort2 (0ms)
			AwakeInstancesAfterBackupRestoration (2ms)
Platform modules already initialized, skipping
========================================================================
Worker process is ready to serve import requests
Launched and connected shader compiler UnityShaderCompiler.exe after 0.05 seconds
Refreshing native plugins compatible for Editor in 0.53 ms, found 2 plugins.
Preloading 0 native plugins for Editor in 0.00 ms.
Unloading 2261 Unused Serialized files (Serialized files now loaded: 0)
System memory in use before: 104.3 MB.
System memory in use after: 104.3 MB.

Unloading 18 unused Assets to reduce memory usage. Loaded Objects now: 2700.
Total: 3.240700 ms (FindLiveObjects: 0.268000 ms CreateObjectMapping: 0.106600 ms MarkObjects: 2.737500 ms  DeleteObjects: 0.127200 ms)

AssetImportParameters requested are different than current active one (requested -> active):
  custom:framework-win-MediaFoundation: 216162199b28c13a410421893ffa2e32 -> 
  custom:video-decoder-ogg-theora: a1e56fd34408186e4bbccfd4996cb3dc -> 
  custom:container-muxer-webm: aa71ff27fc2769a1b78a27578f13a17b -> 
  custom:container-demuxer-webm: 4f35f7cbe854078d1ac9338744f61a02 -> 
  custom:container-demuxer-ogg: 62fdf1f143b41e24485cea50d1cbac27 -> 
  custom:video-encoder-webm-vp8: eb34c28f22e8b96e1ab97ce403110664 -> 
  custom:video-decoder-webm-vp8: 9c59270c3fd7afecdb556c50c9e8de78 -> 
  custom:audio-decoder-ogg-vorbis: bf7c407c2cedff20999df2af8eb42d56 -> 
  custom:audio-encoder-webm-vorbis: bf7c407c2cedff20999df2af8eb42d56 -> 
========================================================================
Received Import Request.
  path: Assets/AssetStoreOriginals/_SNAPS_PrototypingAssets/SciFi_Industrial/Prefabs/Structure/Doors_Windows
  artifactKey: Guid(d0743d75cf9cbf846ab5a5112c627a0c) Importer(815301076,1909f56bfc062723c751e8b465ee728b)
Start importing Assets/AssetStoreOriginals/_SNAPS_PrototypingAssets/SciFi_Industrial/Prefabs/Structure/Doors_Windows using Guid(d0743d75cf9cbf846ab5a5112c627a0c) Importer(815301076,1909f56bfc062723c751e8b465ee728b)  -> (artifact id: '62c0c99da894cb3f69f2fdfea3343c0f') in 0.011760 seconds 
========================================================================
Received Import Request.
  Time since last request: 0.000202 seconds.
  path: Assets/AssetStoreOriginals/_SNAPS_PrototypingAssets/SciFi_Industrial/Prefabs/Structure/Doors_Windows/Deck_Door_02_snaps002.prefab
  artifactKey: Guid(79298396da72aeb4a9dbe792d38ccf1f) Importer(815301076,1909f56bfc062723c751e8b465ee728b)
Start importing Assets/AssetStoreOriginals/_SNAPS_PrototypingAssets/SciFi_Industrial/Prefabs/Structure/Doors_Windows/Deck_Door_02_snaps002.prefab using Guid(79298396da72aeb4a9dbe792d38ccf1f) Importer(815301076,1909f56bfc062723c751e8b465ee728b)  -> (artifact id: '2ffe3ec70c0aeae828946f585a98222c') in 0.111084 seconds 
========================================================================
Received Import Request.
  Time since last request: 0.000191 seconds.
  path: Assets/AssetStoreOriginals/_SNAPS_PrototypingAssets/SciFi_Industrial/Prefabs/Structure/Doors_Windows/Deck_Door_01_snaps002.prefab
  artifactKey: Guid(d84d9aca57d04ea4d96509c40be8b8b4) Importer(815301076,1909f56bfc062723c751e8b465ee728b)
Start importing Assets/AssetStoreOriginals/_SNAPS_PrototypingAssets/SciFi_Industrial/Prefabs/Structure/Doors_Windows/Deck_Door_01_snaps002.prefab using Guid(d84d9aca57d04ea4d96509c40be8b8b4) Importer(815301076,1909f56bfc062723c751e8b465ee728b)  -> (artifact id: '8b77ebffc70538891864483d46768f8e') in 0.014300 seconds 
========================================================================
Received Import Request.
  Time since last request: 2.510824 seconds.
  path: Assets/AssetStoreOriginals/_SNAPS_PrototypingAssets/SciFi_Industrial/Prefabs/Structure/Doors_Windows/Gen_Door_01_snaps002.prefab
  artifactKey: Guid(24f3bfb6ffbd4e449a23c62225e14873) Importer(815301076,1909f56bfc062723c751e8b465ee728b)
Start importing Assets/AssetStoreOriginals/_SNAPS_PrototypingAssets/SciFi_Industrial/Prefabs/Structure/Doors_Windows/Gen_Door_01_snaps002.prefab using Guid(24f3bfb6ffbd4e449a23c62225e14873) Importer(815301076,1909f56bfc062723c751e8b465ee728b)  -> (artifact id: 'ced0280154f32cdb33808ef3f9443a86') in 0.013903 seconds 
========================================================================
Received Import Request.
  Time since last request: 3.712111 seconds.
  path: Assets/AssetStoreOriginals/_SNAPS_PrototypingAssets/SciFi_Industrial/Prefabs/Structure/Doors_Windows/Quart_Door_01_snaps002.prefab
  artifactKey: Guid(691269d06a74ab245ae4360e978425bd) Importer(815301076,1909f56bfc062723c751e8b465ee728b)
Start importing Assets/AssetStoreOriginals/_SNAPS_PrototypingAssets/SciFi_Industrial/Prefabs/Structure/Doors_Windows/Quart_Door_01_snaps002.prefab using Guid(691269d06a74ab245ae4360e978425bd) Importer(815301076,1909f56bfc062723c751e8b465ee728b)  -> (artifact id: '09d70b31d28de328804e91b5906b0423') in 0.013581 seconds 
========================================================================
Received Import Request.
  Time since last request: 42.775791 seconds.
  path: Assets/AssetStoreOriginals/_SNAPS_PrototypingAssets/SciFi_Industrial/Prefabs/Structure/Walls/Deck_Wall_Corner_Short_snaps002.prefab
  artifactKey: Guid(3628080bf973ae74a9419fe570653a31) Importer(815301076,1909f56bfc062723c751e8b465ee728b)
Start importing Assets/AssetStoreOriginals/_SNAPS_PrototypingAssets/SciFi_Industrial/Prefabs/Structure/Walls/Deck_Wall_Corner_Short_snaps002.prefab using Guid(3628080bf973ae74a9419fe570653a31) Importer(815301076,1909f56bfc062723c751e8b465ee728b)  -> (artifact id: '6d0277eee140974c0c4adff3015123d2') in 0.016037 seconds 
========================================================================
Received Import Request.
  Time since last request: 1.101269 seconds.
  path: Assets/AssetStoreOriginals/_SNAPS_PrototypingAssets/SciFi_Industrial/Prefabs/Structure/Walls/Deck_Wall_Corner_snaps002.prefab
  artifactKey: Guid(4e93dfa2dc2429043bf8dcaef3f85256) Importer(815301076,1909f56bfc062723c751e8b465ee728b)
Start importing Assets/AssetStoreOriginals/_SNAPS_PrototypingAssets/SciFi_Industrial/Prefabs/Structure/Walls/Deck_Wall_Corner_snaps002.prefab using Guid(4e93dfa2dc2429043bf8dcaef3f85256) Importer(815301076,1909f56bfc062723c751e8b465ee728b)  -> (artifact id: '34864d0591a2b2586037246a95a0032c') in 0.014796 seconds 
========================================================================
Received Import Request.
  Time since last request: 29.517150 seconds.
  path: Assets/AssetStoreOriginals/_SNAPS_PrototypingAssets/SciFi_Industrial/Prefabs/Structure/Walls/Deck_Wall_Joint_01_snaps002.prefab
  artifactKey: Guid(0004508657bc3714e89e392e80571398) Importer(815301076,1909f56bfc062723c751e8b465ee728b)
Start importing Assets/AssetStoreOriginals/_SNAPS_PrototypingAssets/SciFi_Industrial/Prefabs/Structure/Walls/Deck_Wall_Joint_01_snaps002.prefab using Guid(0004508657bc3714e89e392e80571398) Importer(815301076,1909f56bfc062723c751e8b465ee728b)  -> (artifact id: 'baef268df74dcf6b21c7b77c207b21ce') in 0.259508 seconds 
========================================================================
Received Import Request.
  Time since last request: 36.566693 seconds.
  path: Assets/AssetStoreOriginals/_SNAPS_PrototypingAssets/SciFi_Industrial/Prefabs/Structure/Walls/Deck_Wall_Short_snaps002.prefab
  artifactKey: Guid(f7f356e910e29b44f94ab8c2e2bb4ce9) Importer(815301076,1909f56bfc062723c751e8b465ee728b)
Start importing Assets/AssetStoreOriginals/_SNAPS_PrototypingAssets/SciFi_Industrial/Prefabs/Structure/Walls/Deck_Wall_Short_snaps002.prefab using Guid(f7f356e910e29b44f94ab8c2e2bb4ce9) Importer(815301076,1909f56bfc062723c751e8b465ee728b)  -> (artifact id: 'b21b836b6630d943bbf7f206d10d81ea') in 0.265654 seconds 
========================================================================
Received Import Request.
  Time since last request: 0.283035 seconds.
  path: Assets/AssetStoreOriginals/_SNAPS_PrototypingAssets/SciFi_Industrial/Prefabs/Structure/Walls/Deck_Wall_snaps002.prefab
  artifactKey: Guid(00debf980412c49418327c56a1a60db0) Importer(815301076,1909f56bfc062723c751e8b465ee728b)
Start importing Assets/AssetStoreOriginals/_SNAPS_PrototypingAssets/SciFi_Industrial/Prefabs/Structure/Walls/Deck_Wall_snaps002.prefab using Guid(00debf980412c49418327c56a1a60db0) Importer(815301076,1909f56bfc062723c751e8b465ee728b)  -> (artifact id: 'd8fe60b1ab42d46ca3d13da4efc52a4f') in 0.013448 seconds 
========================================================================
Received Import Request.
  Time since last request: 0.964168 seconds.
  path: Assets/AssetStoreOriginals/_SNAPS_PrototypingAssets/SciFi_Industrial/Prefabs/Structure/Walls/Deck_Wall_Top_snaps002.prefab
  artifactKey: Guid(3c346d225f66d0b4b907e41c5b028e94) Importer(815301076,1909f56bfc062723c751e8b465ee728b)
Start importing Assets/AssetStoreOriginals/_SNAPS_PrototypingAssets/SciFi_Industrial/Prefabs/Structure/Walls/Deck_Wall_Top_snaps002.prefab using Guid(3c346d225f66d0b4b907e41c5b028e94) Importer(815301076,1909f56bfc062723c751e8b465ee728b)  -> (artifact id: '6ecde8583f61a63c4b418b90c2488fec') in 0.031835 seconds 
========================================================================
Received Import Request.
  Time since last request: 0.411950 seconds.
  path: Assets/AssetStoreOriginals/_SNAPS_PrototypingAssets/SciFi_Industrial/Prefabs/Structure/Walls/Deck_WallDoorFrame_01_snaps002.prefab
  artifactKey: Guid(44982ca7d3e94644abea2924dfb538b5) Importer(815301076,1909f56bfc062723c751e8b465ee728b)
Start importing Assets/AssetStoreOriginals/_SNAPS_PrototypingAssets/SciFi_Industrial/Prefabs/Structure/Walls/Deck_WallDoorFrame_01_snaps002.prefab using Guid(44982ca7d3e94644abea2924dfb538b5) Importer(815301076,1909f56bfc062723c751e8b465ee728b)  -> (artifact id: '09461fdefa6e4eb39ba2bd49d1bc4159') in 0.014131 seconds 
========================================================================
Received Import Request.
  Time since last request: 0.498480 seconds.
  path: Assets/AssetStoreOriginals/_SNAPS_PrototypingAssets/SciFi_Industrial/Prefabs/Structure/Walls/Deck_WallDoorFrame_02_snaps002.prefab
  artifactKey: Guid(fc8293156eb278246bce7d3aa1acdff4) Importer(815301076,1909f56bfc062723c751e8b465ee728b)
Start importing Assets/AssetStoreOriginals/_SNAPS_PrototypingAssets/SciFi_Industrial/Prefabs/Structure/Walls/Deck_WallDoorFrame_02_snaps002.prefab using Guid(fc8293156eb278246bce7d3aa1acdff4) Importer(815301076,1909f56bfc062723c751e8b465ee728b)  -> (artifact id: 'd8375c08e9b563ccd2cadca68725bf8d') in 0.034660 seconds 
========================================================================
Received Import Request.
  Time since last request: 0.289978 seconds.
  path: Assets/AssetStoreOriginals/_SNAPS_PrototypingAssets/SciFi_Industrial/Prefabs/Structure/Walls/Deck_WallWindow_01_snaps002.prefab
  artifactKey: Guid(053a7880ac43136418152778d2e1daa6) Importer(815301076,1909f56bfc062723c751e8b465ee728b)
Start importing Assets/AssetStoreOriginals/_SNAPS_PrototypingAssets/SciFi_Industrial/Prefabs/Structure/Walls/Deck_WallWindow_01_snaps002.prefab using Guid(053a7880ac43136418152778d2e1daa6) Importer(815301076,1909f56bfc062723c751e8b465ee728b)  -> (artifact id: 'b53aea2d10fec241de773518e73abb44') in 0.032032 seconds 
========================================================================
Received Import Request.
  Time since last request: 0.590491 seconds.
  path: Assets/AssetStoreOriginals/_SNAPS_PrototypingAssets/SciFi_Industrial/Prefabs/Structure/Walls/Deck_WallWindow_02_snaps002.prefab
  artifactKey: Guid(2e0883a680249d34b9e7fc1c0b9c8574) Importer(815301076,1909f56bfc062723c751e8b465ee728b)
Start importing Assets/AssetStoreOriginals/_SNAPS_PrototypingAssets/SciFi_Industrial/Prefabs/Structure/Walls/Deck_WallWindow_02_snaps002.prefab using Guid(2e0883a680249d34b9e7fc1c0b9c8574) Importer(815301076,1909f56bfc062723c751e8b465ee728b)  -> (artifact id: '78d7f94dea687e4f509b1c39491a6c2e') in 0.016733 seconds 
========================================================================
Received Import Request.
  Time since last request: 158.219015 seconds.
  path: Assets/AssetStoreOriginals/_SNAPS_PrototypingAssets/SciFi_Industrial/Prefabs/Structure/Walls/Deck_WallWindowFrame_01_snaps002.prefab
  artifactKey: Guid(f34eff83f0d13d041a2429cea847b3ff) Importer(815301076,1909f56bfc062723c751e8b465ee728b)
Start importing Assets/AssetStoreOriginals/_SNAPS_PrototypingAssets/SciFi_Industrial/Prefabs/Structure/Walls/Deck_WallWindowFrame_01_snaps002.prefab using Guid(f34eff83f0d13d041a2429cea847b3ff) Importer(815301076,1909f56bfc062723c751e8b465ee728b)  -> (artifact id: '25cc3004f8710197917aaf6ab5f4864f') in 0.264993 seconds 
========================================================================
Received Import Request.
  Time since last request: 0.763216 seconds.
  path: Assets/AssetStoreOriginals/_SNAPS_PrototypingAssets/SciFi_Industrial/Prefabs/Structure/Walls/Deck_WallWindowFrame_02_snaps002.prefab
  artifactKey: Guid(ccb41a28547b4a74d8c0ec4556b9ecdf) Importer(815301076,1909f56bfc062723c751e8b465ee728b)
Start importing Assets/AssetStoreOriginals/_SNAPS_PrototypingAssets/SciFi_Industrial/Prefabs/Structure/Walls/Deck_WallWindowFrame_02_snaps002.prefab using Guid(ccb41a28547b4a74d8c0ec4556b9ecdf) Importer(815301076,1909f56bfc062723c751e8b465ee728b)  -> (artifact id: 'af47391cbdf40c6a0dfa7ed27856d9ab') in 0.013906 seconds 
========================================================================
Received Import Request.
  Time since last request: 0.772358 seconds.
  path: Assets/AssetStoreOriginals/_SNAPS_PrototypingAssets/SciFi_Industrial/Prefabs/Structure/Walls/Gale_Wall_01_Corner_snaps002.prefab
  artifactKey: Guid(43664d96612e4ec489761a6609ac27a8) Importer(815301076,1909f56bfc062723c751e8b465ee728b)
Start importing Assets/AssetStoreOriginals/_SNAPS_PrototypingAssets/SciFi_Industrial/Prefabs/Structure/Walls/Gale_Wall_01_Corner_snaps002.prefab using Guid(43664d96612e4ec489761a6609ac27a8) Importer(815301076,1909f56bfc062723c751e8b465ee728b)  -> (artifact id: '790ea360c08f49f419cda4c3cd88470f') in 0.030234 seconds 
========================================================================
Received Import Request.
  Time since last request: 0.742413 seconds.
  path: Assets/AssetStoreOriginals/_SNAPS_PrototypingAssets/SciFi_Industrial/Prefabs/Structure/Walls/Gale_Wall_01_snaps002.prefab
  artifactKey: Guid(d64f573e69fdda34fa09e2633bd328ef) Importer(815301076,1909f56bfc062723c751e8b465ee728b)
Start importing Assets/AssetStoreOriginals/_SNAPS_PrototypingAssets/SciFi_Industrial/Prefabs/Structure/Walls/Gale_Wall_01_snaps002.prefab using Guid(d64f573e69fdda34fa09e2633bd328ef) Importer(815301076,1909f56bfc062723c751e8b465ee728b)  -> (artifact id: 'ee3889145837f28c01a439b667f2bcbe') in 0.030291 seconds 
========================================================================
Received Import Request.
  Time since last request: 1.695154 seconds.
  path: Assets/AssetStoreOriginals/_SNAPS_PrototypingAssets/SciFi_Industrial/Prefabs/Structure/Walls/Gale_Wall_02_snaps002.prefab
  artifactKey: Guid(bc35cc0e65e4bd74fa45e86391540bce) Importer(815301076,1909f56bfc062723c751e8b465ee728b)
Start importing Assets/AssetStoreOriginals/_SNAPS_PrototypingAssets/SciFi_Industrial/Prefabs/Structure/Walls/Gale_Wall_02_snaps002.prefab using Guid(bc35cc0e65e4bd74fa45e86391540bce) Importer(815301076,1909f56bfc062723c751e8b465ee728b)  -> (artifact id: 'b4b965728b37657822d8f62cd0f9e5dd') in 0.014939 seconds 
========================================================================
Received Import Request.
  Time since last request: 0.741571 seconds.
  path: Assets/AssetStoreOriginals/_SNAPS_PrototypingAssets/SciFi_Industrial/Prefabs/Structure/Walls/Gen_Wall_Corner_snaps002.prefab
  artifactKey: Guid(ab47af6ccd1970547885092ed420cbe2) Importer(815301076,1909f56bfc062723c751e8b465ee728b)
Start importing Assets/AssetStoreOriginals/_SNAPS_PrototypingAssets/SciFi_Industrial/Prefabs/Structure/Walls/Gen_Wall_Corner_snaps002.prefab using Guid(ab47af6ccd1970547885092ed420cbe2) Importer(815301076,1909f56bfc062723c751e8b465ee728b)  -> (artifact id: 'cdef0de49a8b35fffefbd9e6d4f0478d') in 0.015818 seconds 
========================================================================
Received Import Request.
  Time since last request: 47.854703 seconds.
  path: Assets/AssetStoreOriginals/_SNAPS_PrototypingAssets/SciFi_Industrial/Prefabs/Structure/Walls/Gen_Wall_DoorFrame_01_snaps002.prefab
  artifactKey: Guid(ca3a59584c01c6f4ca55f2f9a7395687) Importer(815301076,1909f56bfc062723c751e8b465ee728b)
Start importing Assets/AssetStoreOriginals/_SNAPS_PrototypingAssets/SciFi_Industrial/Prefabs/Structure/Walls/Gen_Wall_DoorFrame_01_snaps002.prefab using Guid(ca3a59584c01c6f4ca55f2f9a7395687) Importer(815301076,1909f56bfc062723c751e8b465ee728b)  -> (artifact id: '3d072d844fb49ff8839715ed3fd12821') in 0.265321 seconds 
========================================================================
Received Import Request.
  Time since last request: 38.444177 seconds.
  path: Assets/AssetStoreOriginals/_SNAPS_PrototypingAssets/SciFi_Industrial/Prefabs/Structure/Walls/Gen_Wall_Joint_snaps002.prefab
  artifactKey: Guid(438b167130b479e40888994050b815e5) Importer(815301076,1909f56bfc062723c751e8b465ee728b)
Start importing Assets/AssetStoreOriginals/_SNAPS_PrototypingAssets/SciFi_Industrial/Prefabs/Structure/Walls/Gen_Wall_Joint_snaps002.prefab using Guid(438b167130b479e40888994050b815e5) Importer(815301076,1909f56bfc062723c751e8b465ee728b)  -> (artifact id: '5238e22a584d4536c19b3d48fe145a3d') in 0.264579 seconds 
========================================================================
Received Import Request.
  Time since last request: 0.355545 seconds.
  path: Assets/AssetStoreOriginals/_SNAPS_PrototypingAssets/SciFi_Industrial/Prefabs/Structure/Walls/Gen_Wall_snaps002.prefab
  artifactKey: Guid(37e77a47218919148afc5a8cd332b7c0) Importer(815301076,1909f56bfc062723c751e8b465ee728b)
Start importing Assets/AssetStoreOriginals/_SNAPS_PrototypingAssets/SciFi_Industrial/Prefabs/Structure/Walls/Gen_Wall_snaps002.prefab using Guid(37e77a47218919148afc5a8cd332b7c0) Importer(815301076,1909f56bfc062723c751e8b465ee728b)  -> (artifact id: '4b59337c1f52db1ca807d41ae01e3b66') in 0.013952 seconds 
========================================================================
Received Import Request.
  Time since last request: 2.133833 seconds.
  path: Assets/AssetStoreOriginals/_SNAPS_PrototypingAssets/SciFi_Industrial/Prefabs/Structure/Walls/Hale_Wall_01_Corner_snaps002.prefab
  artifactKey: Guid(74fe408f24610144390b3352ca1f7efe) Importer(815301076,1909f56bfc062723c751e8b465ee728b)
Start importing Assets/AssetStoreOriginals/_SNAPS_PrototypingAssets/SciFi_Industrial/Prefabs/Structure/Walls/Hale_Wall_01_Corner_snaps002.prefab using Guid(74fe408f24610144390b3352ca1f7efe) Importer(815301076,1909f56bfc062723c751e8b465ee728b)  -> (artifact id: '91092e2ec994fc5af31673e20ab3fc2c') in 0.030454 seconds 
========================================================================
Received Import Request.
  Time since last request: 1.110831 seconds.
  path: Assets/AssetStoreOriginals/_SNAPS_PrototypingAssets/SciFi_Industrial/Prefabs/Structure/Walls/Hale_Wall_02_Corner_snaps002.prefab
  artifactKey: Guid(4f6977220c151404d9b6645f08a4a362) Importer(815301076,1909f56bfc062723c751e8b465ee728b)
Start importing Assets/AssetStoreOriginals/_SNAPS_PrototypingAssets/SciFi_Industrial/Prefabs/Structure/Walls/Hale_Wall_02_Corner_snaps002.prefab using Guid(4f6977220c151404d9b6645f08a4a362) Importer(815301076,1909f56bfc062723c751e8b465ee728b)  -> (artifact id: '5f5f512a0f3b545bc566409438f09f74') in 0.032575 seconds 
========================================================================
Received Import Request.
  Time since last request: 0.436367 seconds.
  path: Assets/AssetStoreOriginals/_SNAPS_PrototypingAssets/SciFi_Industrial/Prefabs/Structure/Walls/Hale_Wall_01_snaps002.prefab
  artifactKey: Guid(19275419fedd9184180a5665b0bacd4e) Importer(815301076,1909f56bfc062723c751e8b465ee728b)
Start importing Assets/AssetStoreOriginals/_SNAPS_PrototypingAssets/SciFi_Industrial/Prefabs/Structure/Walls/Hale_Wall_01_snaps002.prefab using Guid(19275419fedd9184180a5665b0bacd4e) Importer(815301076,1909f56bfc062723c751e8b465ee728b)  -> (artifact id: 'a6d8ffd60f36626e502143b3575d8fd0') in 0.029732 seconds 
========================================================================
Received Import Request.
  Time since last request: 69.059737 seconds.
  path: Assets/AssetStoreOriginals/_SNAPS_PrototypingAssets/SciFi_Industrial/Prefabs/Structure/Walls/Hale_Wall_02_snaps002.prefab
  artifactKey: Guid(6acf036e14cf86b4dbc2f4bbc89f7bf0) Importer(815301076,1909f56bfc062723c751e8b465ee728b)
Start importing Assets/AssetStoreOriginals/_SNAPS_PrototypingAssets/SciFi_Industrial/Prefabs/Structure/Walls/Hale_Wall_02_snaps002.prefab using Guid(6acf036e14cf86b4dbc2f4bbc89f7bf0) Importer(815301076,1909f56bfc062723c751e8b465ee728b)  -> (artifact id: 'ff71d5a354dafd38116939711bb39d08') in 0.263942 seconds 
========================================================================
Received Import Request.
  Time since last request: 0.275740 seconds.
  path: Assets/AssetStoreOriginals/_SNAPS_PrototypingAssets/SciFi_Industrial/Prefabs/Structure/Walls/Quart_Wall_Corner_snaps002.prefab
  artifactKey: Guid(0c6b248aba0b073409356fa124dbe7a1) Importer(815301076,1909f56bfc062723c751e8b465ee728b)
Start importing Assets/AssetStoreOriginals/_SNAPS_PrototypingAssets/SciFi_Industrial/Prefabs/Structure/Walls/Quart_Wall_Corner_snaps002.prefab using Guid(0c6b248aba0b073409356fa124dbe7a1) Importer(815301076,1909f56bfc062723c751e8b465ee728b)  -> (artifact id: '49be6aead2f5873894dcfc77e007e210') in 0.014702 seconds 
========================================================================
Received Import Request.
  Time since last request: 0.438479 seconds.
  path: Assets/AssetStoreOriginals/_SNAPS_PrototypingAssets/SciFi_Industrial/Prefabs/Structure/Walls/Quart_Wall_Joint_01_snaps002.prefab
  artifactKey: Guid(8b49d720e7fae624a823f674ab67472b) Importer(815301076,1909f56bfc062723c751e8b465ee728b)
Start importing Assets/AssetStoreOriginals/_SNAPS_PrototypingAssets/SciFi_Industrial/Prefabs/Structure/Walls/Quart_Wall_Joint_01_snaps002.prefab using Guid(8b49d720e7fae624a823f674ab67472b) Importer(815301076,1909f56bfc062723c751e8b465ee728b)  -> (artifact id: '4bcbdf8e79fc5f8dc5ea5966c0d9c5b6') in 0.014119 seconds 
========================================================================
Received Import Request.
  Time since last request: 0.366812 seconds.
  path: Assets/AssetStoreOriginals/_SNAPS_PrototypingAssets/SciFi_Industrial/Prefabs/Structure/Walls/Quart_Wall_Joint_02_snaps002.prefab
  artifactKey: Guid(c7553ba9a72f5b04a8bdae05c240ae27) Importer(815301076,1909f56bfc062723c751e8b465ee728b)
Start importing Assets/AssetStoreOriginals/_SNAPS_PrototypingAssets/SciFi_Industrial/Prefabs/Structure/Walls/Quart_Wall_Joint_02_snaps002.prefab using Guid(c7553ba9a72f5b04a8bdae05c240ae27) Importer(815301076,1909f56bfc062723c751e8b465ee728b)  -> (artifact id: '917f52a1603f839a78f074b7fa851216') in 0.013616 seconds 
========================================================================
Received Import Request.
  Time since last request: 0.343644 seconds.
  path: Assets/AssetStoreOriginals/_SNAPS_PrototypingAssets/SciFi_Industrial/Prefabs/Structure/Walls/Quart_Wall_snaps002.prefab
  artifactKey: Guid(2b49cf6b0e2134c4a81f3474c005ca8a) Importer(815301076,1909f56bfc062723c751e8b465ee728b)
Start importing Assets/AssetStoreOriginals/_SNAPS_PrototypingAssets/SciFi_Industrial/Prefabs/Structure/Walls/Quart_Wall_snaps002.prefab using Guid(2b49cf6b0e2134c4a81f3474c005ca8a) Importer(815301076,1909f56bfc062723c751e8b465ee728b)  -> (artifact id: '1338f6de3d30bea14fc6c05c4bfe39c1') in 0.013693 seconds 
========================================================================
Received Import Request.
  Time since last request: 0.366886 seconds.
  path: Assets/AssetStoreOriginals/_SNAPS_PrototypingAssets/SciFi_Industrial/Prefabs/Structure/Walls/Quart_WallDoorFrame_01_snaps002.prefab
  artifactKey: Guid(094421f9be446df49b40d4ecedf1d4c2) Importer(815301076,1909f56bfc062723c751e8b465ee728b)
Start importing Assets/AssetStoreOriginals/_SNAPS_PrototypingAssets/SciFi_Industrial/Prefabs/Structure/Walls/Quart_WallDoorFrame_01_snaps002.prefab using Guid(094421f9be446df49b40d4ecedf1d4c2) Importer(815301076,1909f56bfc062723c751e8b465ee728b)  -> (artifact id: '167bc6fc452aa631e2d1f699d8f763a3') in 0.015076 seconds 
========================================================================
Received Import Request.
  Time since last request: 2139.768455 seconds.
  path: Assets/Prefabs/Wave 1.prefab
  artifactKey: Guid(d0fb1ce02b5eb2946a244b31b93936c3) Importer(815301076,1909f56bfc062723c751e8b465ee728b)
Start importing Assets/Prefabs/Wave 1.prefab using Guid(d0fb1ce02b5eb2946a244b31b93936c3) Importer(815301076,1909f56bfc062723c751e8b465ee728b)  -> (artifact id: '16716615f7e9cea2912b9f21dc7b91c6') in 0.023545 seconds 
========================================================================
Received Import Request.
  Time since last request: 3.766951 seconds.
  path: Assets/Prefabs/Wave 2.prefab
  artifactKey: Guid(75baf055419e6374ea5e669c55c9cc10) Importer(815301076,1909f56bfc062723c751e8b465ee728b)
Start importing Assets/Prefabs/Wave 2.prefab using Guid(75baf055419e6374ea5e669c55c9cc10) Importer(815301076,1909f56bfc062723c751e8b465ee728b)  -> (artifact id: 'db1caf8b79e4b94fc0cddb89a44adbc5') in 0.065278 seconds 
========================================================================
Received Import Request.
  Time since last request: 3.284142 seconds.
  path: Assets/Prefabs/Wave 3.prefab
  artifactKey: Guid(877f96229b0854a44830d6cbe701aafa) Importer(815301076,1909f56bfc062723c751e8b465ee728b)
Start importing Assets/Prefabs/Wave 3.prefab using Guid(877f96229b0854a44830d6cbe701aafa) Importer(815301076,1909f56bfc062723c751e8b465ee728b)  -> (artifact id: 'f2e0b3d5491770dd3f66589b1ff209bd') in 0.021013 seconds 
========================================================================
Received Import Request.
  Time since last request: 19.256781 seconds.
  path: Assets/Prefabs/Wave 1(Workers).prefab
  artifactKey: Guid(d0fb1ce02b5eb2946a244b31b93936c3) Importer(815301076,1909f56bfc062723c751e8b465ee728b)
Start importing Assets/Prefabs/Wave 1(Workers).prefab using Guid(d0fb1ce02b5eb2946a244b31b93936c3) Importer(815301076,1909f56bfc062723c751e8b465ee728b)  -> (artifact id: 'd2b049ed97a147246a4b80225a77eeb8') in 0.017576 seconds 
========================================================================
Received Import Request.
  Time since last request: 8.843418 seconds.
  path: Assets/Prefabs/Wave 2(Workers).prefab
  artifactKey: Guid(75baf055419e6374ea5e669c55c9cc10) Importer(815301076,1909f56bfc062723c751e8b465ee728b)
Start importing Assets/Prefabs/Wave 2(Workers).prefab using Guid(75baf055419e6374ea5e669c55c9cc10) Importer(815301076,1909f56bfc062723c751e8b465ee728b)  -> (artifact id: 'ce1bc5ce60f56850950125b83322f264') in 0.021409 seconds 
========================================================================
Received Import Request.
  Time since last request: 5.449361 seconds.
  path: Assets/Prefabs/Wave 3(Workers).prefab
  artifactKey: Guid(877f96229b0854a44830d6cbe701aafa) Importer(815301076,1909f56bfc062723c751e8b465ee728b)
Start importing Assets/Prefabs/Wave 3(Workers).prefab using Guid(877f96229b0854a44830d6cbe701aafa) Importer(815301076,1909f56bfc062723c751e8b465ee728b)  -> (artifact id: '110459704b8bba90f2c28b6e725a7481') in 0.022866 seconds 
========================================================================
Received Import Request.
  Time since last request: 2679.405150 seconds.
  path: Assets/AssetStoreOriginals/_SNAPS_PrototypingAssets/SciFi_Industrial/Prefabs/Structure/Pillars_Supports/Gale_Pillar_01_snaps002.prefab
  artifactKey: Guid(3ab9a883bb2728d4ea8e56b33bcea8ba) Importer(815301076,1909f56bfc062723c751e8b465ee728b)
Start importing Assets/AssetStoreOriginals/_SNAPS_PrototypingAssets/SciFi_Industrial/Prefabs/Structure/Pillars_Supports/Gale_Pillar_01_snaps002.prefab using Guid(3ab9a883bb2728d4ea8e56b33bcea8ba) Importer(815301076,1909f56bfc062723c751e8b465ee728b)  -> (artifact id: '09ffcf4d94247c19ef76b7a22ef1169b') in 0.039804 seconds 
========================================================================
Received Import Request.
  Time since last request: 2.626656 seconds.
  path: Assets/AssetStoreOriginals/_SNAPS_PrototypingAssets/SciFi_Industrial/Prefabs/Structure/Pillars_Supports/Gale_Pillar_02_snaps002.prefab
  artifactKey: Guid(568f19399467fe54196f7374d3df0632) Importer(815301076,1909f56bfc062723c751e8b465ee728b)
Start importing Assets/AssetStoreOriginals/_SNAPS_PrototypingAssets/SciFi_Industrial/Prefabs/Structure/Pillars_Supports/Gale_Pillar_02_snaps002.prefab using Guid(568f19399467fe54196f7374d3df0632) Importer(815301076,1909f56bfc062723c751e8b465ee728b)  -> (artifact id: '3bc6b3278c05b65b182ad0b8996b5cb6') in 0.015184 seconds 
========================================================================
Received Import Request.
  Time since last request: 0.496348 seconds.
  path: Assets/AssetStoreOriginals/_SNAPS_PrototypingAssets/SciFi_Industrial/Prefabs/Structure/Pillars_Supports/Gale_Wall_Support_01_snaps002.prefab
  artifactKey: Guid(f8f2628ca1432b04b9b3052a2f28c208) Importer(815301076,1909f56bfc062723c751e8b465ee728b)
Start importing Assets/AssetStoreOriginals/_SNAPS_PrototypingAssets/SciFi_Industrial/Prefabs/Structure/Pillars_Supports/Gale_Wall_Support_01_snaps002.prefab using Guid(f8f2628ca1432b04b9b3052a2f28c208) Importer(815301076,1909f56bfc062723c751e8b465ee728b)  -> (artifact id: 'b7cbafe41e4edfde5372c93326256e7b') in 0.041763 seconds 
========================================================================
Received Import Request.
  Time since last request: 0.426964 seconds.
  path: Assets/AssetStoreOriginals/_SNAPS_PrototypingAssets/SciFi_Industrial/Prefabs/Structure/Pillars_Supports/Hale_Pillar_01_snaps002.prefab
  artifactKey: Guid(5c63759061fbf4e40a5d66743b0d9fa0) Importer(815301076,1909f56bfc062723c751e8b465ee728b)
Start importing Assets/AssetStoreOriginals/_SNAPS_PrototypingAssets/SciFi_Industrial/Prefabs/Structure/Pillars_Supports/Hale_Pillar_01_snaps002.prefab using Guid(5c63759061fbf4e40a5d66743b0d9fa0) Importer(815301076,1909f56bfc062723c751e8b465ee728b)  -> (artifact id: '219e6937e71624ff459fad75940816db') in 0.034209 seconds 
========================================================================
Received Import Request.
  Time since last request: 0.466737 seconds.
  path: Assets/AssetStoreOriginals/_SNAPS_PrototypingAssets/SciFi_Industrial/Prefabs/Structure/Pillars_Supports/Hale_Pillar_02_snaps002.prefab
  artifactKey: Guid(0f6381faceff7bc46983f6f88a736198) Importer(815301076,1909f56bfc062723c751e8b465ee728b)
Start importing Assets/AssetStoreOriginals/_SNAPS_PrototypingAssets/SciFi_Industrial/Prefabs/Structure/Pillars_Supports/Hale_Pillar_02_snaps002.prefab using Guid(0f6381faceff7bc46983f6f88a736198) Importer(815301076,1909f56bfc062723c751e8b465ee728b)  -> (artifact id: '6db603c539b01bdba21a1c10af03c7ea') in 0.014048 seconds 
========================================================================
Received Import Request.
  Time since last request: 0.510641 seconds.
  path: Assets/AssetStoreOriginals/_SNAPS_PrototypingAssets/SciFi_Industrial/Prefabs/Structure/Pillars_Supports/Hale_Wall_Support_01_snaps002.prefab
  artifactKey: Guid(5c25f761d301e2849b03446d5bae1b3f) Importer(815301076,1909f56bfc062723c751e8b465ee728b)
Start importing Assets/AssetStoreOriginals/_SNAPS_PrototypingAssets/SciFi_Industrial/Prefabs/Structure/Pillars_Supports/Hale_Wall_Support_01_snaps002.prefab using Guid(5c25f761d301e2849b03446d5bae1b3f) Importer(815301076,1909f56bfc062723c751e8b465ee728b)  -> (artifact id: '4f321df051f49e2eea06959300ca3e28') in 0.014318 seconds 
========================================================================
Received Import Request.
  Time since last request: 0.577253 seconds.
  path: Assets/AssetStoreOriginals/_SNAPS_PrototypingAssets/SciFi_Industrial/Prefabs/Structure/Pillars_Supports/VerticalStrat_01_Base_snaps002.prefab
  artifactKey: Guid(d13e48964f4a8db45b4088d8fb10d581) Importer(815301076,1909f56bfc062723c751e8b465ee728b)
Start importing Assets/AssetStoreOriginals/_SNAPS_PrototypingAssets/SciFi_Industrial/Prefabs/Structure/Pillars_Supports/VerticalStrat_01_Base_snaps002.prefab using Guid(d13e48964f4a8db45b4088d8fb10d581) Importer(815301076,1909f56bfc062723c751e8b465ee728b)  -> (artifact id: '810133e77356472da1f5f427b7630afc') in 0.013113 seconds 
========================================================================
Received Import Request.
  Time since last request: 0.684387 seconds.
  path: Assets/AssetStoreOriginals/_SNAPS_PrototypingAssets/SciFi_Industrial/Prefabs/Structure/Pillars_Supports/VerticalStrat_01_Connector_snaps002.prefab
  artifactKey: Guid(fc62ef998eb59b346b34d565f38deb3b) Importer(815301076,1909f56bfc062723c751e8b465ee728b)
Start importing Assets/AssetStoreOriginals/_SNAPS_PrototypingAssets/SciFi_Industrial/Prefabs/Structure/Pillars_Supports/VerticalStrat_01_Connector_snaps002.prefab using Guid(fc62ef998eb59b346b34d565f38deb3b) Importer(815301076,1909f56bfc062723c751e8b465ee728b)  -> (artifact id: 'c023328ae5c26420c5d8463706d7b2ed') in 0.013899 seconds 
========================================================================
Received Import Request.
  Time since last request: 6.215212 seconds.
  path: Assets/AssetStoreOriginals/_SNAPS_PrototypingAssets/SciFi_Industrial/Prefabs/Structure/Pillars_Supports/VerticalStrat_01_snaps002.prefab
  artifactKey: Guid(d4a69086e0bd5e440a2bda14734b225c) Importer(815301076,1909f56bfc062723c751e8b465ee728b)
Start importing Assets/AssetStoreOriginals/_SNAPS_PrototypingAssets/SciFi_Industrial/Prefabs/Structure/Pillars_Supports/VerticalStrat_01_snaps002.prefab using Guid(d4a69086e0bd5e440a2bda14734b225c) Importer(815301076,1909f56bfc062723c751e8b465ee728b)  -> (artifact id: '1ab476b0715b7f928085ec7e15f861b4') in 0.013941 seconds 
========================================================================
Received Import Request.
  Time since last request: 4.265074 seconds.
  path: Assets/AssetStoreOriginals/_SNAPS_PrototypingAssets/SciFi_Industrial/Prefabs/Structure/Pillars_Supports/Wall_Support_Big_snaps002.prefab
  artifactKey: Guid(e4d5c0d3d9b21f840a3309933254e833) Importer(815301076,1909f56bfc062723c751e8b465ee728b)
Start importing Assets/AssetStoreOriginals/_SNAPS_PrototypingAssets/SciFi_Industrial/Prefabs/Structure/Pillars_Supports/Wall_Support_Big_snaps002.prefab using Guid(e4d5c0d3d9b21f840a3309933254e833) Importer(815301076,1909f56bfc062723c751e8b465ee728b)  -> (artifact id: '0c1461b16d3a4b6f54513d0ef21ddb51') in 0.032127 seconds 
========================================================================
Received Import Request.
  Time since last request: 3.829123 seconds.
  path: Assets/AssetStoreOriginals/_SNAPS_PrototypingAssets/SciFi_Industrial/Prefabs/Structure/Pillars_Supports/Wall_Support_Big_snaps002.prefab
  artifactKey: Guid(e4d5c0d3d9b21f840a3309933254e833) Importer(815301076,1909f56bfc062723c751e8b465ee728b)
Start importing Assets/AssetStoreOriginals/_SNAPS_PrototypingAssets/SciFi_Industrial/Prefabs/Structure/Pillars_Supports/Wall_Support_Big_snaps002.prefab using Guid(e4d5c0d3d9b21f840a3309933254e833) Importer(815301076,1909f56bfc062723c751e8b465ee728b)  -> (artifact id: '66fd40e874be6c62bad3e068e6c6f29f') in 0.012103 seconds 
========================================================================
Received Import Request.
  Time since last request: 15.247770 seconds.
  path: Assets/AssetStoreOriginals/_SNAPS_PrototypingAssets/SciFi_Industrial/Prefabs/Structure/Stairs_Ramps/Deck_Stairs_01_snaps002.prefab
  artifactKey: Guid(b1e03a3f59caaff4980bf875be312d2b) Importer(815301076,1909f56bfc062723c751e8b465ee728b)
Start importing Assets/AssetStoreOriginals/_SNAPS_PrototypingAssets/SciFi_Industrial/Prefabs/Structure/Stairs_Ramps/Deck_Stairs_01_snaps002.prefab using Guid(b1e03a3f59caaff4980bf875be312d2b) Importer(815301076,1909f56bfc062723c751e8b465ee728b)  -> (artifact id: 'a354340a530835752608cca05a11a55a') in 0.031904 seconds 
========================================================================
Received Import Request.
  Time since last request: 1.944997 seconds.
  path: Assets/AssetStoreOriginals/_SNAPS_PrototypingAssets/SciFi_Industrial/Prefabs/Structure/Stairs_Ramps/Deck_Stairs_01_snaps002.prefab
  artifactKey: Guid(b1e03a3f59caaff4980bf875be312d2b) Importer(815301076,1909f56bfc062723c751e8b465ee728b)
Start importing Assets/AssetStoreOriginals/_SNAPS_PrototypingAssets/SciFi_Industrial/Prefabs/Structure/Stairs_Ramps/Deck_Stairs_01_snaps002.prefab using Guid(b1e03a3f59caaff4980bf875be312d2b) Importer(815301076,1909f56bfc062723c751e8b465ee728b)  -> (artifact id: '3d07e74a49000c7961a6ca05c4685a3b') in 0.011207 seconds 
========================================================================
Received Import Request.
  Time since last request: 1.140183 seconds.
  path: Assets/AssetStoreOriginals/_SNAPS_PrototypingAssets/SciFi_Industrial/Prefabs/Structure/Stairs_Ramps/Gen_Ramp_01_snaps002.prefab
  artifactKey: Guid(81279501067723a43bb567f45f07c5a0) Importer(815301076,1909f56bfc062723c751e8b465ee728b)
Start importing Assets/AssetStoreOriginals/_SNAPS_PrototypingAssets/SciFi_Industrial/Prefabs/Structure/Stairs_Ramps/Gen_Ramp_01_snaps002.prefab using Guid(81279501067723a43bb567f45f07c5a0) Importer(815301076,1909f56bfc062723c751e8b465ee728b)  -> (artifact id: '15f175977ee8e8c23b89ea8102e5dcb8') in 0.012858 seconds 
========================================================================
Received Import Request.
  Time since last request: 1.358441 seconds.
  path: Assets/AssetStoreOriginals/_SNAPS_PrototypingAssets/SciFi_Industrial/Prefabs/Structure/Stairs_Ramps/Gen_Ramp_01_snaps002.prefab
  artifactKey: Guid(81279501067723a43bb567f45f07c5a0) Importer(815301076,1909f56bfc062723c751e8b465ee728b)
Start importing Assets/AssetStoreOriginals/_SNAPS_PrototypingAssets/SciFi_Industrial/Prefabs/Structure/Stairs_Ramps/Gen_Ramp_01_snaps002.prefab using Guid(81279501067723a43bb567f45f07c5a0) Importer(815301076,1909f56bfc062723c751e8b465ee728b)  -> (artifact id: 'ed0cb6abba06dec4ef6e2a4d01db303c') in 0.010724 seconds 
========================================================================
Received Import Request.
  Time since last request: 1.701541 seconds.
  path: Assets/AssetStoreOriginals/_SNAPS_PrototypingAssets/SciFi_Industrial/Prefabs/Structure/Stairs_Ramps/Gen_Stairs_01_snaps002.prefab
  artifactKey: Guid(136b5079bc781b24da62c3a018d572d2) Importer(815301076,1909f56bfc062723c751e8b465ee728b)
Start importing Assets/AssetStoreOriginals/_SNAPS_PrototypingAssets/SciFi_Industrial/Prefabs/Structure/Stairs_Ramps/Gen_Stairs_01_snaps002.prefab using Guid(136b5079bc781b24da62c3a018d572d2) Importer(815301076,1909f56bfc062723c751e8b465ee728b)  -> (artifact id: '31a98490762369b1f1a00431d60f48ba') in 0.030657 seconds 
========================================================================
Received Import Request.
  Time since last request: 1.320320 seconds.
  path: Assets/AssetStoreOriginals/_SNAPS_PrototypingAssets/SciFi_Industrial/Prefabs/Structure/Stairs_Ramps/Gen_Stairs_01_snaps002.prefab
  artifactKey: Guid(136b5079bc781b24da62c3a018d572d2) Importer(815301076,1909f56bfc062723c751e8b465ee728b)
Start importing Assets/AssetStoreOriginals/_SNAPS_PrototypingAssets/SciFi_Industrial/Prefabs/Structure/Stairs_Ramps/Gen_Stairs_01_snaps002.prefab using Guid(136b5079bc781b24da62c3a018d572d2) Importer(815301076,1909f56bfc062723c751e8b465ee728b)  -> (artifact id: 'e51a8ac61eb72ed2839fd1ad4ae94cbc') in 0.011717 seconds 
========================================================================
Received Import Request.
  Time since last request: 1.815009 seconds.
  path: Assets/AssetStoreOriginals/_SNAPS_PrototypingAssets/SciFi_Industrial/Prefabs/Structure/Stairs_Ramps/Quart_Ramp_01_snaps002.prefab
  artifactKey: Guid(0a36459ac2084f44ca5814f0ff3867d0) Importer(815301076,1909f56bfc062723c751e8b465ee728b)
Start importing Assets/AssetStoreOriginals/_SNAPS_PrototypingAssets/SciFi_Industrial/Prefabs/Structure/Stairs_Ramps/Quart_Ramp_01_snaps002.prefab using Guid(0a36459ac2084f44ca5814f0ff3867d0) Importer(815301076,1909f56bfc062723c751e8b465ee728b)  -> (artifact id: 'bdfd2517daadcc18dd9079da75c3207f') in 0.032913 seconds 
========================================================================
Received Import Request.
  Time since last request: 1.245351 seconds.
  path: Assets/AssetStoreOriginals/_SNAPS_PrototypingAssets/SciFi_Industrial/Prefabs/Structure/Stairs_Ramps/Quart_Ramp_01_snaps002.prefab
  artifactKey: Guid(0a36459ac2084f44ca5814f0ff3867d0) Importer(815301076,1909f56bfc062723c751e8b465ee728b)
Start importing Assets/AssetStoreOriginals/_SNAPS_PrototypingAssets/SciFi_Industrial/Prefabs/Structure/Stairs_Ramps/Quart_Ramp_01_snaps002.prefab using Guid(0a36459ac2084f44ca5814f0ff3867d0) Importer(815301076,1909f56bfc062723c751e8b465ee728b)  -> (artifact id: '2033b667a2e556c3ae8e0b267846bb1f') in 0.010980 seconds 
========================================================================
Received Import Request.
  Time since last request: 1.167693 seconds.
  path: Assets/AssetStoreOriginals/_SNAPS_PrototypingAssets/SciFi_Industrial/Prefabs/Structure/Stairs_Ramps/Quart_Stairs_01_snaps002.prefab
  artifactKey: Guid(dc3d2c5a3d4ce3e44be28b500526dc6e) Importer(815301076,1909f56bfc062723c751e8b465ee728b)
Start importing Assets/AssetStoreOriginals/_SNAPS_PrototypingAssets/SciFi_Industrial/Prefabs/Structure/Stairs_Ramps/Quart_Stairs_01_snaps002.prefab using Guid(dc3d2c5a3d4ce3e44be28b500526dc6e) Importer(815301076,1909f56bfc062723c751e8b465ee728b)  -> (artifact id: '13464b20738d0c5cd8ef74330cef0828') in 0.013467 seconds 
========================================================================
Received Import Request.
  Time since last request: 1.122725 seconds.
  path: Assets/AssetStoreOriginals/_SNAPS_PrototypingAssets/SciFi_Industrial/Prefabs/Structure/Stairs_Ramps/Quart_Stairs_01_snaps002.prefab
  artifactKey: Guid(dc3d2c5a3d4ce3e44be28b500526dc6e) Importer(815301076,1909f56bfc062723c751e8b465ee728b)
Start importing Assets/AssetStoreOriginals/_SNAPS_PrototypingAssets/SciFi_Industrial/Prefabs/Structure/Stairs_Ramps/Quart_Stairs_01_snaps002.prefab using Guid(dc3d2c5a3d4ce3e44be28b500526dc6e) Importer(815301076,1909f56bfc062723c751e8b465ee728b)  -> (artifact id: '9a5bf7c3a2ba53276654f66375846759') in 0.010885 seconds 
========================================================================
Received Import Request.
  Time since last request: 5.437267 seconds.
  path: Assets/AssetStoreOriginals/_SNAPS_PrototypingAssets/SciFi_Industrial/Prefabs/Structure/Walls/Deck_Wall_Corner_Short_snaps002.prefab
  artifactKey: Guid(3628080bf973ae74a9419fe570653a31) Importer(815301076,1909f56bfc062723c751e8b465ee728b)
Start importing Assets/AssetStoreOriginals/_SNAPS_PrototypingAssets/SciFi_Industrial/Prefabs/Structure/Walls/Deck_Wall_Corner_Short_snaps002.prefab using Guid(3628080bf973ae74a9419fe570653a31) Importer(815301076,1909f56bfc062723c751e8b465ee728b)  -> (artifact id: '35d80e8fe93a77d02b7dc2cc07d6c81e') in 0.012541 seconds 
========================================================================
Received Import Request.
  Time since last request: 2.468115 seconds.
  path: Assets/AssetStoreOriginals/_SNAPS_PrototypingAssets/SciFi_Industrial/Prefabs/Structure/Walls/Deck_Wall_Corner_snaps002.prefab
  artifactKey: Guid(4e93dfa2dc2429043bf8dcaef3f85256) Importer(815301076,1909f56bfc062723c751e8b465ee728b)
Start importing Assets/AssetStoreOriginals/_SNAPS_PrototypingAssets/SciFi_Industrial/Prefabs/Structure/Walls/Deck_Wall_Corner_snaps002.prefab using Guid(4e93dfa2dc2429043bf8dcaef3f85256) Importer(815301076,1909f56bfc062723c751e8b465ee728b)  -> (artifact id: 'e2d16d7de45270e6ceb6b31d4333dcdd') in 0.013331 seconds 
========================================================================
Received Import Request.
  Time since last request: 2.574737 seconds.
  path: Assets/AssetStoreOriginals/_SNAPS_PrototypingAssets/SciFi_Industrial/Prefabs/Structure/Walls/Deck_Wall_Joint_01_snaps002.prefab
  artifactKey: Guid(0004508657bc3714e89e392e80571398) Importer(815301076,1909f56bfc062723c751e8b465ee728b)
Start importing Assets/AssetStoreOriginals/_SNAPS_PrototypingAssets/SciFi_Industrial/Prefabs/Structure/Walls/Deck_Wall_Joint_01_snaps002.prefab using Guid(0004508657bc3714e89e392e80571398) Importer(815301076,1909f56bfc062723c751e8b465ee728b)  -> (artifact id: '099d051ba37b1c556d884b54ae9bf77d') in 0.011970 seconds 
========================================================================
Received Import Request.
  Time since last request: 3.206653 seconds.
  path: Assets/AssetStoreOriginals/_SNAPS_PrototypingAssets/SciFi_Industrial/Prefabs/Structure/Walls/Deck_Wall_Short_snaps002.prefab
  artifactKey: Guid(f7f356e910e29b44f94ab8c2e2bb4ce9) Importer(815301076,1909f56bfc062723c751e8b465ee728b)
Start importing Assets/AssetStoreOriginals/_SNAPS_PrototypingAssets/SciFi_Industrial/Prefabs/Structure/Walls/Deck_Wall_Short_snaps002.prefab using Guid(f7f356e910e29b44f94ab8c2e2bb4ce9) Importer(815301076,1909f56bfc062723c751e8b465ee728b)  -> (artifact id: '202305fed1bb008125bbecca7d086b9c') in 0.010748 seconds 
========================================================================
Received Import Request.
  Time since last request: 2.472653 seconds.
  path: Assets/AssetStoreOriginals/_SNAPS_PrototypingAssets/SciFi_Industrial/Prefabs/Structure/Walls/Deck_Wall_Short_snaps002.prefab
  artifactKey: Guid(f7f356e910e29b44f94ab8c2e2bb4ce9) Importer(815301076,1909f56bfc062723c751e8b465ee728b)
Start importing Assets/AssetStoreOriginals/_SNAPS_PrototypingAssets/SciFi_Industrial/Prefabs/Structure/Walls/Deck_Wall_Short_snaps002.prefab using Guid(f7f356e910e29b44f94ab8c2e2bb4ce9) Importer(815301076,1909f56bfc062723c751e8b465ee728b)  -> (artifact id: '01e15adedfb3d85c6f539cadbc85a1c9') in 0.011982 seconds 
========================================================================
Received Import Request.
  Time since last request: 9.341745 seconds.
  path: Assets/AssetStoreOriginals/_SNAPS_PrototypingAssets/SciFi_Industrial/Prefabs/Structure/Walls/Deck_WallDoorFrame_01_snaps002.prefab
  artifactKey: Guid(44982ca7d3e94644abea2924dfb538b5) Importer(815301076,1909f56bfc062723c751e8b465ee728b)
Start importing Assets/AssetStoreOriginals/_SNAPS_PrototypingAssets/SciFi_Industrial/Prefabs/Structure/Walls/Deck_WallDoorFrame_01_snaps002.prefab using Guid(44982ca7d3e94644abea2924dfb538b5) Importer(815301076,1909f56bfc062723c751e8b465ee728b)  -> (artifact id: '99b91db089f4cc8387859aa64206312b') in 0.012810 seconds 
========================================================================
Received Import Request.
  Time since last request: 2.692411 seconds.
  path: Assets/AssetStoreOriginals/_SNAPS_PrototypingAssets/SciFi_Industrial/Prefabs/Structure/Walls/Deck_WallDoorFrame_02_snaps002.prefab
  artifactKey: Guid(fc8293156eb278246bce7d3aa1acdff4) Importer(815301076,1909f56bfc062723c751e8b465ee728b)
Start importing Assets/AssetStoreOriginals/_SNAPS_PrototypingAssets/SciFi_Industrial/Prefabs/Structure/Walls/Deck_WallDoorFrame_02_snaps002.prefab using Guid(fc8293156eb278246bce7d3aa1acdff4) Importer(815301076,1909f56bfc062723c751e8b465ee728b)  -> (artifact id: '33baddb4f22b301f95e4c0f2e37b691a') in 0.012578 seconds 
========================================================================
Received Import Request.
  Time since last request: 5.281831 seconds.
  path: Assets/AssetStoreOriginals/_SNAPS_PrototypingAssets/SciFi_Industrial/Prefabs/Structure/Walls/Deck_WallWindowFrame_01_snaps002.prefab
  artifactKey: Guid(f34eff83f0d13d041a2429cea847b3ff) Importer(815301076,1909f56bfc062723c751e8b465ee728b)
Start importing Assets/AssetStoreOriginals/_SNAPS_PrototypingAssets/SciFi_Industrial/Prefabs/Structure/Walls/Deck_WallWindowFrame_01_snaps002.prefab using Guid(f34eff83f0d13d041a2429cea847b3ff) Importer(815301076,1909f56bfc062723c751e8b465ee728b)  -> (artifact id: 'c79a4e5148f0bfb893b937ced6373463') in 0.013822 seconds 
========================================================================
Received Import Request.
  Time since last request: 2.900797 seconds.
  path: Assets/AssetStoreOriginals/_SNAPS_PrototypingAssets/SciFi_Industrial/Prefabs/Structure/Walls/Deck_WallWindowFrame_02_snaps002.prefab
  artifactKey: Guid(ccb41a28547b4a74d8c0ec4556b9ecdf) Importer(815301076,1909f56bfc062723c751e8b465ee728b)
Start importing Assets/AssetStoreOriginals/_SNAPS_PrototypingAssets/SciFi_Industrial/Prefabs/Structure/Walls/Deck_WallWindowFrame_02_snaps002.prefab using Guid(ccb41a28547b4a74d8c0ec4556b9ecdf) Importer(815301076,1909f56bfc062723c751e8b465ee728b)  -> (artifact id: 'e0650371fd29292a2542712c3083869a') in 0.011717 seconds 
========================================================================
Received Import Request.
  Time since last request: 2.712236 seconds.
  path: Assets/AssetStoreOriginals/_SNAPS_PrototypingAssets/SciFi_Industrial/Prefabs/Structure/Walls/Gale_Wall_01_Corner_snaps002.prefab
  artifactKey: Guid(43664d96612e4ec489761a6609ac27a8) Importer(815301076,1909f56bfc062723c751e8b465ee728b)
Start importing Assets/AssetStoreOriginals/_SNAPS_PrototypingAssets/SciFi_Industrial/Prefabs/Structure/Walls/Gale_Wall_01_Corner_snaps002.prefab using Guid(43664d96612e4ec489761a6609ac27a8) Importer(815301076,1909f56bfc062723c751e8b465ee728b)  -> (artifact id: 'caecd735c4b0550de60c46f4cd5d2bfa') in 0.010896 seconds 
========================================================================
Received Import Request.
  Time since last request: 7.780856 seconds.
  path: Assets/AssetStoreOriginals/_SNAPS_PrototypingAssets/SciFi_Industrial/Prefabs/Structure/Walls/Gen_Wall_Corner_snaps002.prefab
  artifactKey: Guid(ab47af6ccd1970547885092ed420cbe2) Importer(815301076,1909f56bfc062723c751e8b465ee728b)
Start importing Assets/AssetStoreOriginals/_SNAPS_PrototypingAssets/SciFi_Industrial/Prefabs/Structure/Walls/Gen_Wall_Corner_snaps002.prefab using Guid(ab47af6ccd1970547885092ed420cbe2) Importer(815301076,1909f56bfc062723c751e8b465ee728b)  -> (artifact id: 'e83f1b0e44a44ce0491bf70c7656be9c') in 0.029362 seconds 
========================================================================
Received Import Request.
  Time since last request: 3.618838 seconds.
  path: Assets/AssetStoreOriginals/_SNAPS_PrototypingAssets/SciFi_Industrial/Prefabs/Structure/Walls/Gen_Wall_DoorFrame_01_snaps002.prefab
  artifactKey: Guid(ca3a59584c01c6f4ca55f2f9a7395687) Importer(815301076,1909f56bfc062723c751e8b465ee728b)
Start importing Assets/AssetStoreOriginals/_SNAPS_PrototypingAssets/SciFi_Industrial/Prefabs/Structure/Walls/Gen_Wall_DoorFrame_01_snaps002.prefab using Guid(ca3a59584c01c6f4ca55f2f9a7395687) Importer(815301076,1909f56bfc062723c751e8b465ee728b)  -> (artifact id: '61c49b99170bf2c7563ed32df880eea6') in 0.012731 seconds 
========================================================================
Received Import Request.
  Time since last request: 3.181337 seconds.
  path: Assets/AssetStoreOriginals/_SNAPS_PrototypingAssets/SciFi_Industrial/Prefabs/Structure/Walls/Gen_Wall_Joint_snaps002.prefab
  artifactKey: Guid(438b167130b479e40888994050b815e5) Importer(815301076,1909f56bfc062723c751e8b465ee728b)
Start importing Assets/AssetStoreOriginals/_SNAPS_PrototypingAssets/SciFi_Industrial/Prefabs/Structure/Walls/Gen_Wall_Joint_snaps002.prefab using Guid(438b167130b479e40888994050b815e5) Importer(815301076,1909f56bfc062723c751e8b465ee728b)  -> (artifact id: '9e92132fce9c7660c61d3a959c2fb46e') in 0.048551 seconds 
========================================================================
Received Import Request.
  Time since last request: 10.502799 seconds.
  path: Assets/AssetStoreOriginals/_SNAPS_PrototypingAssets/SciFi_Industrial/Prefabs/Structure/Walls/Hale_Wall_01_Corner_snaps002.prefab
  artifactKey: Guid(74fe408f24610144390b3352ca1f7efe) Importer(815301076,1909f56bfc062723c751e8b465ee728b)
Start importing Assets/AssetStoreOriginals/_SNAPS_PrototypingAssets/SciFi_Industrial/Prefabs/Structure/Walls/Hale_Wall_01_Corner_snaps002.prefab using Guid(74fe408f24610144390b3352ca1f7efe) Importer(815301076,1909f56bfc062723c751e8b465ee728b)  -> (artifact id: '5bdf3fcf6c4d2ccc6724ddfc22a646dc') in 0.011629 seconds 
========================================================================
Received Import Request.
  Time since last request: 4.736160 seconds.
  path: Assets/AssetStoreOriginals/_SNAPS_PrototypingAssets/SciFi_Industrial/Prefabs/Structure/Walls/Hale_Wall_02_Corner_snaps002.prefab
  artifactKey: Guid(4f6977220c151404d9b6645f08a4a362) Importer(815301076,1909f56bfc062723c751e8b465ee728b)
Start importing Assets/AssetStoreOriginals/_SNAPS_PrototypingAssets/SciFi_Industrial/Prefabs/Structure/Walls/Hale_Wall_02_Corner_snaps002.prefab using Guid(4f6977220c151404d9b6645f08a4a362) Importer(815301076,1909f56bfc062723c751e8b465ee728b)  -> (artifact id: 'd27a1a6b0357603cb1db2b0d3291a754') in 0.013491 seconds 
========================================================================
Received Import Request.
  Time since last request: 3.904498 seconds.
  path: Assets/AssetStoreOriginals/_SNAPS_PrototypingAssets/SciFi_Industrial/Prefabs/Structure/Walls/Quart_Wall_Corner_snaps002.prefab
  artifactKey: Guid(0c6b248aba0b073409356fa124dbe7a1) Importer(815301076,1909f56bfc062723c751e8b465ee728b)
Start importing Assets/AssetStoreOriginals/_SNAPS_PrototypingAssets/SciFi_Industrial/Prefabs/Structure/Walls/Quart_Wall_Corner_snaps002.prefab using Guid(0c6b248aba0b073409356fa124dbe7a1) Importer(815301076,1909f56bfc062723c751e8b465ee728b)  -> (artifact id: 'd9e39e2f411963ea7a58f6cc55e6db48') in 0.011216 seconds 
========================================================================
Received Import Request.
  Time since last request: 2.441930 seconds.
  path: Assets/AssetStoreOriginals/_SNAPS_PrototypingAssets/SciFi_Industrial/Prefabs/Structure/Walls/Quart_Wall_Joint_01_snaps002.prefab
  artifactKey: Guid(8b49d720e7fae624a823f674ab67472b) Importer(815301076,1909f56bfc062723c751e8b465ee728b)
Start importing Assets/AssetStoreOriginals/_SNAPS_PrototypingAssets/SciFi_Industrial/Prefabs/Structure/Walls/Quart_Wall_Joint_01_snaps002.prefab using Guid(8b49d720e7fae624a823f674ab67472b) Importer(815301076,1909f56bfc062723c751e8b465ee728b)  -> (artifact id: '60b5dfcdbff024041ff68d6f84477f7b') in 0.010985 seconds 
========================================================================
Received Import Request.
  Time since last request: 3.088069 seconds.
  path: Assets/AssetStoreOriginals/_SNAPS_PrototypingAssets/SciFi_Industrial/Prefabs/Structure/Walls/Quart_Wall_Joint_02_snaps002.prefab
  artifactKey: Guid(c7553ba9a72f5b04a8bdae05c240ae27) Importer(815301076,1909f56bfc062723c751e8b465ee728b)
Start importing Assets/AssetStoreOriginals/_SNAPS_PrototypingAssets/SciFi_Industrial/Prefabs/Structure/Walls/Quart_Wall_Joint_02_snaps002.prefab using Guid(c7553ba9a72f5b04a8bdae05c240ae27) Importer(815301076,1909f56bfc062723c751e8b465ee728b)  -> (artifact id: '246045c86fc0d615f780b671011569cf') in 0.011817 seconds 
========================================================================
Received Import Request.
  Time since last request: 4.974596 seconds.
  path: Assets/AssetStoreOriginals/_SNAPS_PrototypingAssets/SciFi_Industrial/Prefabs/Structure/Walls/Quart_WallDoorFrame_01_snaps002.prefab
  artifactKey: Guid(094421f9be446df49b40d4ecedf1d4c2) Importer(815301076,1909f56bfc062723c751e8b465ee728b)
Start importing Assets/AssetStoreOriginals/_SNAPS_PrototypingAssets/SciFi_Industrial/Prefabs/Structure/Walls/Quart_WallDoorFrame_01_snaps002.prefab using Guid(094421f9be446df49b40d4ecedf1d4c2) Importer(815301076,1909f56bfc062723c751e8b465ee728b)  -> (artifact id: 'c259193fcc86274032a54651f9907eb3') in 0.011076 seconds 
========================================================================
Received Import Request.
  Time since last request: 437.330220 seconds.
  path: ProjectSettings/TagManager.asset
  artifactKey: Guid(00000000000000003000000000000000) Importer(815301076,1909f56bfc062723c751e8b465ee728b)
Start importing ProjectSettings/TagManager.asset using Guid(00000000000000003000000000000000) Importer(815301076,1909f56bfc062723c751e8b465ee728b)  -> (artifact id: 'ce6a35c3cddc746e7501c0bd0ed6d4ce') in 0.260862 seconds 
========================================================================
Received Import Request.
  Time since last request: 39.073376 seconds.
  path: Assets/Prefabs/EnemyArcher.prefab
  artifactKey: Guid(adde250a3396d7e489d896c3857d437a) Importer(815301076,1909f56bfc062723c751e8b465ee728b)
Start importing Assets/Prefabs/EnemyArcher.prefab using Guid(adde250a3396d7e489d896c3857d437a) Importer(815301076,1909f56bfc062723c751e8b465ee728b)  -> (artifact id: '316cae427fb21417916eb94c6c9ef6f2') in 0.270889 seconds 
========================================================================
Received Prepare
Registering precompiled user dll's ...
Registered in 0.002092 seconds.
Begin MonoManager ReloadAssembly
Native extension for WindowsStandalone target not found
Native extension for WebGL target not found
Refreshing native plugins compatible for Editor in 0.44 ms, found 2 plugins.
Preloading 0 native plugins for Editor in 0.00 ms.
Mono: successfully reloaded assembly
- Completed reload, in  0.878 seconds
Domain Reload Profiling:
	ReloadAssembly (878ms)
		BeginReloadAssembly (118ms)
			ExecutionOrderSort (0ms)
			DisableScriptedObjects (4ms)
			BackupInstance (0ms)
			ReleaseScriptingObjects (0ms)
			CreateAndSetChildDomain (38ms)
		EndReloadAssembly (710ms)
			LoadAssemblies (80ms)
			RebuildTransferFunctionScriptingTraits (0ms)
			SetupTypeCache (244ms)
			ReleaseScriptCaches (1ms)
			RebuildScriptCaches (38ms)
			SetupLoadedEditorAssemblies (274ms)
				LogAssemblyErrors (0ms)
				InitializePlatformSupportModulesInManaged (4ms)
				SetLoadedEditorAssemblies (0ms)
				RefreshPlugins (0ms)
				BeforeProcessingInitializeOnLoad (66ms)
				ProcessInitializeOnLoadAttributes (187ms)
				ProcessInitializeOnLoadMethodAttributes (12ms)
				AfterProcessingInitializeOnLoad (4ms)
				EditorAssembliesLoaded (0ms)
			ExecutionOrderSort2 (0ms)
			AwakeInstancesAfterBackupRestoration (2ms)
Platform modules already initialized, skipping
Switching build target platform(19) subTarget(0) extendedPlatform(0) -> platform(13) subTarget(537395200) extendedPlatform(0)
Refreshing native plugins compatible for Editor in 0.42 ms, found 2 plugins.
Preloading 0 native plugins for Editor in 0.00 ms.
Unloading 2192 Unused Serialized files (Serialized files now loaded: 0)
System memory in use before: 101.1 MB.
System memory in use after: 101.2 MB.

Unloading 14 unused Assets to reduce memory usage. Loaded Objects now: 2713.
Total: 2.535200 ms (FindLiveObjects: 0.154700 ms CreateObjectMapping: 0.079400 ms MarkObjects: 2.251900 ms  DeleteObjects: 0.048600 ms)

AssetImportParameters requested are different than current active one (requested -> active):
  custom:framework-win-MediaFoundation: 216162199b28c13a410421893ffa2e32 -> 
  custom:video-decoder-ogg-theora: a1e56fd34408186e4bbccfd4996cb3dc -> 
  custom:container-muxer-webm: aa71ff27fc2769a1b78a27578f13a17b -> 
  custom:container-demuxer-webm: 4f35f7cbe854078d1ac9338744f61a02 -> 
  custom:container-demuxer-ogg: 62fdf1f143b41e24485cea50d1cbac27 -> 
  custom:video-encoder-webm-vp8: eb34c28f22e8b96e1ab97ce403110664 -> 
  custom:video-decoder-webm-vp8: 9c59270c3fd7afecdb556c50c9e8de78 -> 
  custom:graphics/normal-map-encoding: 01000000000000000000000000000000 -> 02000000000000000000000000000000
  custom:audio-decoder-ogg-vorbis: bf7c407c2cedff20999df2af8eb42d56 -> 
  custom:audio-encoder-webm-vorbis: bf7c407c2cedff20999df2af8eb42d56 -> 
========================================================================
Received Import Request.
  Time since last request: 4.289137 seconds.
  path: Assets/Prefabs/EnemyGunner.prefab
  artifactKey: Guid(88d5c04b9a4ecdf42b3369969089ca7f) Importer(815301076,1909f56bfc062723c751e8b465ee728b)
Start importing Assets/Prefabs/EnemyGunner.prefab using Guid(88d5c04b9a4ecdf42b3369969089ca7f) Importer(815301076,1909f56bfc062723c751e8b465ee728b)  -> (artifact id: '7eb3bcc9493892c3cf3b1860b3fbe7ed') in 0.107198 seconds 
========================================================================
Received Import Request.
  Time since last request: 6.233343 seconds.
  path: Assets/Prefabs/EnemyTank.prefab
  artifactKey: Guid(78db6ff10acaa414b8947242a67cc085) Importer(815301076,1909f56bfc062723c751e8b465ee728b)
Start importing Assets/Prefabs/EnemyTank.prefab using Guid(78db6ff10acaa414b8947242a67cc085) Importer(815301076,1909f56bfc062723c751e8b465ee728b)  -> (artifact id: '0ee1fe342954e50127f208984a3e841b') in 0.033417 seconds 
========================================================================
Received Import Request.
  Time since last request: 8.306963 seconds.
  path: Assets/Prefabs/EnemyGunner.prefab
  artifactKey: Guid(88d5c04b9a4ecdf42b3369969089ca7f) Importer(815301076,1909f56bfc062723c751e8b465ee728b)
Start importing Assets/Prefabs/EnemyGunner.prefab using Guid(88d5c04b9a4ecdf42b3369969089ca7f) Importer(815301076,1909f56bfc062723c751e8b465ee728b)  -> (artifact id: '14c27b7731f66097447d316cc7c55ce8') in 0.012717 seconds 
========================================================================
Received Import Request.
  Time since last request: 2.007012 seconds.
  path: Assets/Prefabs/EnemyTank.prefab
  artifactKey: Guid(78db6ff10acaa414b8947242a67cc085) Importer(815301076,1909f56bfc062723c751e8b465ee728b)
Start importing Assets/Prefabs/EnemyTank.prefab using Guid(78db6ff10acaa414b8947242a67cc085) Importer(815301076,1909f56bfc062723c751e8b465ee728b)  -> (artifact id: 'c9c6e4ab280a13fdef2d6bd99a17d102') in 0.012086 seconds 
========================================================================
Received Import Request.
  Time since last request: 3.112508 seconds.
  path: Assets/Prefabs/EnemyWorker.prefab
  artifactKey: Guid(32c3c4835e919ac48a343c1fb36c74af) Importer(815301076,1909f56bfc062723c751e8b465ee728b)
Start importing Assets/Prefabs/EnemyWorker.prefab using Guid(32c3c4835e919ac48a343c1fb36c74af) Importer(815301076,1909f56bfc062723c751e8b465ee728b)  -> (artifact id: '9b43fceec7ed749e2c53d1f9ec6583de') in 0.032000 seconds 
========================================================================
Received Import Request.
  Time since last request: 75.309299 seconds.
  path: Assets/Prefabs/EnemyArcher.prefab
  artifactKey: Guid(adde250a3396d7e489d896c3857d437a) Importer(815301076,1909f56bfc062723c751e8b465ee728b)
Start importing Assets/Prefabs/EnemyArcher.prefab using Guid(adde250a3396d7e489d896c3857d437a) Importer(815301076,1909f56bfc062723c751e8b465ee728b)  -> (artifact id: 'dce50917fcefa755a0325fc5f9642057') in 0.013946 seconds 
========================================================================
Received Import Request.
  Time since last request: 43.821669 seconds.
  path: Assets/Prefabs/EnemyWorker.prefab
  artifactKey: Guid(32c3c4835e919ac48a343c1fb36c74af) Importer(815301076,1909f56bfc062723c751e8b465ee728b)
Start importing Assets/Prefabs/EnemyWorker.prefab using Guid(32c3c4835e919ac48a343c1fb36c74af) Importer(815301076,1909f56bfc062723c751e8b465ee728b)  -> (artifact id: '4230bda1f226e1b4f36a5a09a6389f81') in 0.029432 seconds 
========================================================================
Received Import Request.
  Time since last request: 18.573607 seconds.
  path: Assets/Prefabs/Boss.prefab
  artifactKey: Guid(335df7f18aa83ba4cb371098d22858c4) Importer(815301076,1909f56bfc062723c751e8b465ee728b)
Start importing Assets/Prefabs/Boss.prefab using Guid(335df7f18aa83ba4cb371098d22858c4) Importer(815301076,1909f56bfc062723c751e8b465ee728b)  -> (artifact id: '2e2ad8f9c7518e846c4ebac889e7cf6a') in 0.012864 seconds 
========================================================================
Received Import Request.
  Time since last request: 15.152677 seconds.
  path: Assets/Prefabs/EnemyWorker.prefab
  artifactKey: Guid(32c3c4835e919ac48a343c1fb36c74af) Importer(815301076,1909f56bfc062723c751e8b465ee728b)
Start importing Assets/Prefabs/EnemyWorker.prefab using Guid(32c3c4835e919ac48a343c1fb36c74af) Importer(815301076,1909f56bfc062723c751e8b465ee728b)  -> (artifact id: 'a138930ac2dbc84dace8b60930412991') in 0.012233 seconds 
========================================================================
Received Import Request.
  Time since last request: 185.757699 seconds.
  path: Assets/Prefabs/WorkersHolder.prefab
  artifactKey: Guid(4faa9d72c6e76d64fbd1d5e90677a197) Importer(815301076,1909f56bfc062723c751e8b465ee728b)
Start importing Assets/Prefabs/WorkersHolder.prefab using Guid(4faa9d72c6e76d64fbd1d5e90677a197) Importer(815301076,1909f56bfc062723c751e8b465ee728b)  -> (artifact id: '68f7cfe0e8c76a45a43f9c62462727d9') in 0.008236 seconds 
========================================================================
Received Prepare
Registering precompiled user dll's ...
Registered in 0.002676 seconds.
Begin MonoManager ReloadAssembly
Native extension for WindowsStandalone target not found
Native extension for WebGL target not found
Refreshing native plugins compatible for Editor in 0.46 ms, found 2 plugins.
Preloading 0 native plugins for Editor in 0.00 ms.
Mono: successfully reloaded assembly
- Completed reload, in  0.856 seconds
Domain Reload Profiling:
	ReloadAssembly (856ms)
		BeginReloadAssembly (99ms)
			ExecutionOrderSort (0ms)
			DisableScriptedObjects (4ms)
			BackupInstance (0ms)
			ReleaseScriptingObjects (0ms)
			CreateAndSetChildDomain (29ms)
		EndReloadAssembly (708ms)
			LoadAssemblies (77ms)
			RebuildTransferFunctionScriptingTraits (0ms)
			SetupTypeCache (235ms)
			ReleaseScriptCaches (1ms)
			RebuildScriptCaches (37ms)
			SetupLoadedEditorAssemblies (277ms)
				LogAssemblyErrors (0ms)
				InitializePlatformSupportModulesInManaged (5ms)
				SetLoadedEditorAssemblies (0ms)
				RefreshPlugins (1ms)
				BeforeProcessingInitializeOnLoad (67ms)
				ProcessInitializeOnLoadAttributes (188ms)
				ProcessInitializeOnLoadMethodAttributes (12ms)
				AfterProcessingInitializeOnLoad (4ms)
				EditorAssembliesLoaded (0ms)
			ExecutionOrderSort2 (0ms)
			AwakeInstancesAfterBackupRestoration (2ms)
Platform modules already initialized, skipping
Switching build target platform(19) subTarget(0) extendedPlatform(0) -> platform(13) subTarget(537395200) extendedPlatform(0)
Refreshing native plugins compatible for Editor in 0.43 ms, found 2 plugins.
Preloading 0 native plugins for Editor in 0.00 ms.
Unloading 2192 Unused Serialized files (Serialized files now loaded: 0)
System memory in use before: 101.2 MB.
System memory in use after: 101.3 MB.

Unloading 14 unused Assets to reduce memory usage. Loaded Objects now: 2718.
Total: 2.435100 ms (FindLiveObjects: 0.153400 ms CreateObjectMapping: 0.074700 ms MarkObjects: 2.152300 ms  DeleteObjects: 0.054100 ms)

AssetImportParameters requested are different than current active one (requested -> active):
  custom:framework-win-MediaFoundation: 216162199b28c13a410421893ffa2e32 -> 
  custom:video-decoder-ogg-theora: a1e56fd34408186e4bbccfd4996cb3dc -> 
  custom:container-muxer-webm: aa71ff27fc2769a1b78a27578f13a17b -> 
  custom:container-demuxer-webm: 4f35f7cbe854078d1ac9338744f61a02 -> 
  custom:container-demuxer-ogg: 62fdf1f143b41e24485cea50d1cbac27 -> 
  custom:video-encoder-webm-vp8: eb34c28f22e8b96e1ab97ce403110664 -> 
  custom:video-decoder-webm-vp8: 9c59270c3fd7afecdb556c50c9e8de78 -> 
  custom:graphics/normal-map-encoding: 01000000000000000000000000000000 -> 02000000000000000000000000000000
  custom:audio-decoder-ogg-vorbis: bf7c407c2cedff20999df2af8eb42d56 -> 
  custom:audio-encoder-webm-vorbis: bf7c407c2cedff20999df2af8eb42d56 -> 
========================================================================
Received Import Request.
  Time since last request: 1562.208495 seconds.
  path: Assets/AssetStoreOriginals/_SNAPS_PrototypingAssets/Scripts
  artifactKey: Guid(c159b2fe6b1dc8f48a4731f926c1d34f) Importer(815301076,1909f56bfc062723c751e8b465ee728b)
Start importing Assets/AssetStoreOriginals/_SNAPS_PrototypingAssets/Scripts using Guid(c159b2fe6b1dc8f48a4731f926c1d34f) Importer(815301076,1909f56bfc062723c751e8b465ee728b)  -> (artifact id: '32e152bc86714b69b59d26ba3a22e6bf') in 0.254852 seconds 
========================================================================
Received Import Request.
  Time since last request: 1.165504 seconds.
  path: Assets/AssetStoreOriginals/_SNAPS_PrototypingAssets/SciFi_Industrial/Materials
  artifactKey: Guid(15da29fe25042944d9ae6afdee0aea96) Importer(815301076,1909f56bfc062723c751e8b465ee728b)
Start importing Assets/AssetStoreOriginals/_SNAPS_PrototypingAssets/SciFi_Industrial/Materials using Guid(15da29fe25042944d9ae6afdee0aea96) Importer(815301076,1909f56bfc062723c751e8b465ee728b)  -> (artifact id: 'fe0365542699ff51b5d85496276d81a2') in 0.006556 seconds 
========================================================================
Received Import Request.
  Time since last request: 2.887212 seconds.
  path: Assets/AssetStoreOriginals/_SNAPS_PrototypingAssets/SciFi_Industrial/Prefabs/NestedPrefabs/Doorway_Balcony_3X1.prefab
  artifactKey: Guid(f0075f9ff8684d2498269202fd7753ee) Importer(815301076,1909f56bfc062723c751e8b465ee728b)
Start importing Assets/AssetStoreOriginals/_SNAPS_PrototypingAssets/SciFi_Industrial/Prefabs/NestedPrefabs/Doorway_Balcony_3X1.prefab using Guid(f0075f9ff8684d2498269202fd7753ee) Importer(815301076,1909f56bfc062723c751e8b465ee728b)  -> (artifact id: '4a54f28a0f1bc3431acbf236f92378f6') in 0.060823 seconds 
========================================================================
Received Import Request.
  Time since last request: 4.328830 seconds.
  path: Assets/AssetStoreOriginals/_SNAPS_PrototypingAssets/SciFi_Industrial/Prefabs/NestedPrefabs/PowerSpot.prefab
  artifactKey: Guid(537a5e593a1df744285a671e7570742c) Importer(815301076,1909f56bfc062723c751e8b465ee728b)
Start importing Assets/AssetStoreOriginals/_SNAPS_PrototypingAssets/SciFi_Industrial/Prefabs/NestedPrefabs/PowerSpot.prefab using Guid(537a5e593a1df744285a671e7570742c) Importer(815301076,1909f56bfc062723c751e8b465ee728b)  -> (artifact id: '728b783c128c7a3643de74f75aa6bbcb') in 0.020852 seconds 
========================================================================
Received Import Request.
  Time since last request: 1.418342 seconds.
  path: Assets/AssetStoreOriginals/_SNAPS_PrototypingAssets/SciFi_Industrial/Prefabs/NestedPrefabs/Stairway_Balcony_3X1.prefab
  artifactKey: Guid(a24a1ab7f3b926a47b003a6260ffd84d) Importer(815301076,1909f56bfc062723c751e8b465ee728b)
Start importing Assets/AssetStoreOriginals/_SNAPS_PrototypingAssets/SciFi_Industrial/Prefabs/NestedPrefabs/Stairway_Balcony_3X1.prefab using Guid(a24a1ab7f3b926a47b003a6260ffd84d) Importer(815301076,1909f56bfc062723c751e8b465ee728b)  -> (artifact id: 'd842f998755a5066cffad267c32de41b') in 0.017514 seconds 
========================================================================
Received Prepare
Registering precompiled user dll's ...
Registered in 0.002063 seconds.
Begin MonoManager ReloadAssembly
Native extension for WindowsStandalone target not found
Native extension for WebGL target not found
Refreshing native plugins compatible for Editor in 0.43 ms, found 2 plugins.
Preloading 0 native plugins for Editor in 0.00 ms.
Mono: successfully reloaded assembly
- Completed reload, in  0.856 seconds
Domain Reload Profiling:
	ReloadAssembly (857ms)
		BeginReloadAssembly (99ms)
			ExecutionOrderSort (0ms)
			DisableScriptedObjects (4ms)
			BackupInstance (0ms)
			ReleaseScriptingObjects (0ms)
			CreateAndSetChildDomain (29ms)
		EndReloadAssembly (709ms)
			LoadAssemblies (75ms)
			RebuildTransferFunctionScriptingTraits (0ms)
			SetupTypeCache (234ms)
			ReleaseScriptCaches (1ms)
			RebuildScriptCaches (38ms)
			SetupLoadedEditorAssemblies (275ms)
				LogAssemblyErrors (0ms)
				InitializePlatformSupportModulesInManaged (4ms)
				SetLoadedEditorAssemblies (0ms)
				RefreshPlugins (0ms)
				BeforeProcessingInitializeOnLoad (66ms)
				ProcessInitializeOnLoadAttributes (189ms)
				ProcessInitializeOnLoadMethodAttributes (12ms)
				AfterProcessingInitializeOnLoad (3ms)
				EditorAssembliesLoaded (0ms)
			ExecutionOrderSort2 (0ms)
			AwakeInstancesAfterBackupRestoration (2ms)
Platform modules already initialized, skipping
Switching build target platform(19) subTarget(0) extendedPlatform(0) -> platform(13) subTarget(537395200) extendedPlatform(0)
Refreshing native plugins compatible for Editor in 0.43 ms, found 2 plugins.
Preloading 0 native plugins for Editor in 0.00 ms.
Unloading 2192 Unused Serialized files (Serialized files now loaded: 0)
System memory in use before: 101.3 MB.
System memory in use after: 101.5 MB.

Unloading 13 unused Assets to reduce memory usage. Loaded Objects now: 2722.
Total: 2.482200 ms (FindLiveObjects: 0.157900 ms CreateObjectMapping: 0.084000 ms MarkObjects: 2.186800 ms  DeleteObjects: 0.053000 ms)

AssetImportParameters requested are different than current active one (requested -> active):
  custom:framework-win-MediaFoundation: 216162199b28c13a410421893ffa2e32 -> 
  custom:video-decoder-ogg-theora: a1e56fd34408186e4bbccfd4996cb3dc -> 
  custom:container-muxer-webm: aa71ff27fc2769a1b78a27578f13a17b -> 
  custom:container-demuxer-webm: 4f35f7cbe854078d1ac9338744f61a02 -> 
  custom:container-demuxer-ogg: 62fdf1f143b41e24485cea50d1cbac27 -> 
  custom:video-encoder-webm-vp8: eb34c28f22e8b96e1ab97ce403110664 -> 
  custom:video-decoder-webm-vp8: 9c59270c3fd7afecdb556c50c9e8de78 -> 
  custom:graphics/normal-map-encoding: 01000000000000000000000000000000 -> 02000000000000000000000000000000
  custom:audio-decoder-ogg-vorbis: bf7c407c2cedff20999df2af8eb42d56 -> 
  custom:audio-encoder-webm-vorbis: bf7c407c2cedff20999df2af8eb42d56 -> 
AssetImportWorkerClient::OnTransportError - code=2 error=End of file
